<?xml version="1.0" encoding="UTF-8"?>
<testsuite name="ssd.Entities.Owner.OwnerControllerTest" tests="8" skipped="0" failures="0" errors="0" timestamp="2024-08-13T08:52:13" hostname="COMMODORE" time="0.148">
  <properties/>
  <testcase name="testGetPopularOwners_noContent()" classname="ssd.Entities.Owner.OwnerControllerTest" time="0.019"/>
  <testcase name="testGetOwnersByName()" classname="ssd.Entities.Owner.OwnerControllerTest" time="0.019"/>
  <testcase name="testGetOwnersByName_notFound()" classname="ssd.Entities.Owner.OwnerControllerTest" time="0.016"/>
  <testcase name="testGetPopularOwners()" classname="ssd.Entities.Owner.OwnerControllerTest" time="0.021"/>
  <testcase name="testGetAllOwners()" classname="ssd.Entities.Owner.OwnerControllerTest" time="0.016"/>
  <testcase name="testGetOwnerById_notFound()" classname="ssd.Entities.Owner.OwnerControllerTest" time="0.019"/>
  <testcase name="testGetAllOwners_emptyDatabase()" classname="ssd.Entities.Owner.OwnerControllerTest" time="0.017"/>
  <testcase name="testGetOwnerById()" classname="ssd.Entities.Owner.OwnerControllerTest" time="0.014"/>
  <system-out><![CDATA[2024-08-13 10:52:13.926  INFO 135058 --- [    Test worker] .b.t.c.SpringBootTestContextBootstrapper : Neither @ContextConfiguration nor @ContextHierarchy found for test class [ssd.Entities.Owner.OwnerControllerTest], using SpringBootContextLoader
2024-08-13 10:52:13.927  INFO 135058 --- [    Test worker] o.s.t.c.support.AbstractContextLoader    : Could not detect default resource locations for test class [ssd.Entities.Owner.OwnerControllerTest]: no resource found for suffixes {-context.xml, Context.groovy}.
2024-08-13 10:52:13.927  INFO 135058 --- [    Test worker] t.c.s.AnnotationConfigContextLoaderUtils : Could not detect default configuration classes for test class [ssd.Entities.Owner.OwnerControllerTest]: OwnerControllerTest does not declare any static, non-private, non-final, nested classes annotated with @Configuration.
2024-08-13 10:52:13.931  INFO 135058 --- [    Test worker] .b.t.c.SpringBootTestContextBootstrapper : Found @SpringBootConfiguration ssd.SSDApplication for test class ssd.Entities.Owner.OwnerControllerTest
2024-08-13 10:52:13.932  INFO 135058 --- [    Test worker] .b.t.c.SpringBootTestContextBootstrapper : Loaded default TestExecutionListener class names from location [META-INF/spring.factories]: [org.springframework.boot.test.autoconfigure.restdocs.RestDocsTestExecutionListener, org.springframework.boot.test.autoconfigure.web.client.MockRestServiceServerResetTestExecutionListener, org.springframework.boot.test.autoconfigure.web.servlet.MockMvcPrintOnlyOnFailureTestExecutionListener, org.springframework.boot.test.autoconfigure.web.servlet.WebDriverTestExecutionListener, org.springframework.boot.test.autoconfigure.webservices.client.MockWebServiceServerTestExecutionListener, org.springframework.boot.test.mock.mockito.MockitoTestExecutionListener, org.springframework.boot.test.mock.mockito.ResetMocksTestExecutionListener, org.springframework.test.context.web.ServletTestExecutionListener, org.springframework.test.context.support.DirtiesContextBeforeModesTestExecutionListener, org.springframework.test.context.event.ApplicationEventsTestExecutionListener, org.springframework.test.context.support.DependencyInjectionTestExecutionListener, org.springframework.test.context.support.DirtiesContextTestExecutionListener, org.springframework.test.context.transaction.TransactionalTestExecutionListener, org.springframework.test.context.jdbc.SqlScriptsTestExecutionListener, org.springframework.test.context.event.EventPublishingTestExecutionListener]
2024-08-13 10:52:13.932  INFO 135058 --- [    Test worker] .b.t.c.SpringBootTestContextBootstrapper : Using TestExecutionListeners: [org.springframework.test.context.web.ServletTestExecutionListener@4af5c14c, org.springframework.test.context.support.DirtiesContextBeforeModesTestExecutionListener@74d4f542, org.springframework.test.context.event.ApplicationEventsTestExecutionListener@25d5327, org.springframework.boot.test.mock.mockito.MockitoTestExecutionListener@188500e9, org.springframework.boot.test.autoconfigure.SpringBootDependencyInjectionTestExecutionListener@7c1e5d14, org.springframework.test.context.support.DirtiesContextTestExecutionListener@2fb3c930, org.springframework.test.context.transaction.TransactionalTestExecutionListener@479f738a, org.springframework.test.context.jdbc.SqlScriptsTestExecutionListener@772db1d8, org.springframework.test.context.event.EventPublishingTestExecutionListener@7955b4d4, org.springframework.boot.test.autoconfigure.restdocs.RestDocsTestExecutionListener@489e1887, org.springframework.boot.test.autoconfigure.web.client.MockRestServiceServerResetTestExecutionListener@7421213d, org.springframework.boot.test.autoconfigure.web.servlet.MockMvcPrintOnlyOnFailureTestExecutionListener@6e98fd10, org.springframework.boot.test.autoconfigure.web.servlet.WebDriverTestExecutionListener@3a3f1703, org.springframework.boot.test.autoconfigure.webservices.client.MockWebServiceServerTestExecutionListener@25d6ae3, org.springframework.boot.test.mock.mockito.ResetMocksTestExecutionListener@7f088b5c]
Hibernate: 
    select
        article0_.entity_id as entity_i1_0_,
        article0_.analytics_id as analytic4_0_,
        article0_.name as name2_0_,
        article0_.author_id as author_i5_0_,
        article0_.content as content3_0_,
        article0_.newspaper_id as newspape6_0_,
        article0_.owner_id as owner_id7_0_,
        article0_.publisher_id as publishe8_0_,
        article0_.topic_id as topic_id9_0_ 
    from
        article article0_
Hibernate: 
    select
        newspaper0_.entity_id as entity_i1_4_,
        newspaper0_.analytics_id as analytic3_4_,
        newspaper0_.name as name2_4_ 
    from
        newspaper newspaper0_
Hibernate: 
    select
        newspapera0_.analytics_id as analytic1_5_0_,
        newspapera0_.bias as bias2_5_0_,
        newspapera0_.engagement_rate as engageme3_5_0_,
        newspapera0_.likes as likes4_5_0_,
        newspapera0_.shares as shares5_5_0_,
        newspapera0_.views as views6_5_0_ 
    from
        newspaper_analytics newspapera0_ 
    where
        newspapera0_.analytics_id=?
Hibernate: 
    delete 
    from
        newspaper 
    where
        entity_id=?
Hibernate: 
    select
        owner0_.entity_id as entity_i1_6_,
        owner0_.analytics_id as analytic3_6_,
        owner0_.name as name2_6_ 
    from
        owner owner0_
Hibernate: 
    select
        topic0_.entity_id as entity_i1_10_,
        topic0_.analytics_id as analytic3_10_,
        topic0_.name as name2_10_ 
    from
        topic topic0_
Hibernate: 
    select
        publisher0_.entity_id as entity_i1_8_,
        publisher0_.analytics_id as analytic3_8_,
        publisher0_.name as name2_8_ 
    from
        publisher publisher0_
Hibernate: 
    select
        author0_.entity_id as entity_i1_2_,
        author0_.analytics_id as analytic3_2_,
        author0_.name as name2_2_ 
    from
        author author0_
Hibernate: 
    select
        articleana0_.analytics_id as analytic1_1_,
        articleana0_.bias as bias2_1_,
        articleana0_.engagement_rate as engageme3_1_,
        articleana0_.likes as likes4_1_,
        articleana0_.shares as shares5_1_,
        articleana0_.views as views6_1_ 
    from
        article_analytics articleana0_
Hibernate: 
    select
        newspapera0_.analytics_id as analytic1_5_,
        newspapera0_.bias as bias2_5_,
        newspapera0_.engagement_rate as engageme3_5_,
        newspapera0_.likes as likes4_5_,
        newspapera0_.shares as shares5_5_,
        newspapera0_.views as views6_5_ 
    from
        newspaper_analytics newspapera0_
Hibernate: 
    delete 
    from
        newspaper_analytics 
    where
        analytics_id=?
Hibernate: 
    select
        owneranaly0_.analytics_id as analytic1_7_,
        owneranaly0_.bias as bias2_7_,
        owneranaly0_.engagement_rate as engageme3_7_,
        owneranaly0_.likes as likes4_7_,
        owneranaly0_.shares as shares5_7_,
        owneranaly0_.views as views6_7_ 
    from
        owner_analytics owneranaly0_
Hibernate: 
    select
        topicanaly0_.analytics_id as analytic1_11_,
        topicanaly0_.bias as bias2_11_,
        topicanaly0_.engagement_rate as engageme3_11_,
        topicanaly0_.likes as likes4_11_,
        topicanaly0_.shares as shares5_11_,
        topicanaly0_.views as views6_11_ 
    from
        topic_analytics topicanaly0_
Hibernate: 
    select
        publishera0_.analytics_id as analytic1_9_,
        publishera0_.bias as bias2_9_,
        publishera0_.engagement_rate as engageme3_9_,
        publishera0_.likes as likes4_9_,
        publishera0_.shares as shares5_9_,
        publishera0_.views as views6_9_ 
    from
        publisher_analytics publishera0_
Hibernate: 
    select
        authoranal0_.analytics_id as analytic1_3_,
        authoranal0_.bias as bias2_3_,
        authoranal0_.engagement_rate as engageme3_3_,
        authoranal0_.likes as likes4_3_,
        authoranal0_.shares as shares5_3_,
        authoranal0_.views as views6_3_ 
    from
        author_analytics authoranal0_
Hibernate: 
    insert 
    into
        owner_analytics
        (bias, engagement_rate, likes, shares, views) 
    values
        (?, ?, ?, ?, ?)
Hibernate: 
    insert 
    into
        owner
        (analytics_id, name) 
    values
        (?, ?)
Hibernate: 
    select
        owner0_.entity_id as entity_i1_6_,
        owner0_.analytics_id as analytic3_6_,
        owner0_.name as name2_6_ 
    from
        owner owner0_
Hibernate: 
    select
        owneranaly0_.analytics_id as analytic1_7_0_,
        owneranaly0_.bias as bias2_7_0_,
        owneranaly0_.engagement_rate as engageme3_7_0_,
        owneranaly0_.likes as likes4_7_0_,
        owneranaly0_.shares as shares5_7_0_,
        owneranaly0_.views as views6_7_0_ 
    from
        owner_analytics owneranaly0_ 
    where
        owneranaly0_.analytics_id=?
Hibernate: 
    delete 
    from
        owner 
    where
        entity_id=?
Hibernate: 
    select
        owner0_.entity_id as entity_i1_6_,
        owner0_.analytics_id as analytic3_6_,
        owner0_.name as name2_6_ 
    from
        owner owner0_
Hibernate: 
    select
        article0_.entity_id as entity_i1_0_,
        article0_.analytics_id as analytic4_0_,
        article0_.name as name2_0_,
        article0_.author_id as author_i5_0_,
        article0_.content as content3_0_,
        article0_.newspaper_id as newspape6_0_,
        article0_.owner_id as owner_id7_0_,
        article0_.publisher_id as publishe8_0_,
        article0_.topic_id as topic_id9_0_ 
    from
        article article0_
Hibernate: 
    select
        newspaper0_.entity_id as entity_i1_4_,
        newspaper0_.analytics_id as analytic3_4_,
        newspaper0_.name as name2_4_ 
    from
        newspaper newspaper0_
Hibernate: 
    select
        owner0_.entity_id as entity_i1_6_,
        owner0_.analytics_id as analytic3_6_,
        owner0_.name as name2_6_ 
    from
        owner owner0_
Hibernate: 
    select
        topic0_.entity_id as entity_i1_10_,
        topic0_.analytics_id as analytic3_10_,
        topic0_.name as name2_10_ 
    from
        topic topic0_
Hibernate: 
    select
        publisher0_.entity_id as entity_i1_8_,
        publisher0_.analytics_id as analytic3_8_,
        publisher0_.name as name2_8_ 
    from
        publisher publisher0_
Hibernate: 
    select
        author0_.entity_id as entity_i1_2_,
        author0_.analytics_id as analytic3_2_,
        author0_.name as name2_2_ 
    from
        author author0_
Hibernate: 
    select
        articleana0_.analytics_id as analytic1_1_,
        articleana0_.bias as bias2_1_,
        articleana0_.engagement_rate as engageme3_1_,
        articleana0_.likes as likes4_1_,
        articleana0_.shares as shares5_1_,
        articleana0_.views as views6_1_ 
    from
        article_analytics articleana0_
Hibernate: 
    select
        newspapera0_.analytics_id as analytic1_5_,
        newspapera0_.bias as bias2_5_,
        newspapera0_.engagement_rate as engageme3_5_,
        newspapera0_.likes as likes4_5_,
        newspapera0_.shares as shares5_5_,
        newspapera0_.views as views6_5_ 
    from
        newspaper_analytics newspapera0_
Hibernate: 
    select
        owneranaly0_.analytics_id as analytic1_7_,
        owneranaly0_.bias as bias2_7_,
        owneranaly0_.engagement_rate as engageme3_7_,
        owneranaly0_.likes as likes4_7_,
        owneranaly0_.shares as shares5_7_,
        owneranaly0_.views as views6_7_ 
    from
        owner_analytics owneranaly0_
Hibernate: 
    delete 
    from
        owner_analytics 
    where
        analytics_id=?
Hibernate: 
    select
        topicanaly0_.analytics_id as analytic1_11_,
        topicanaly0_.bias as bias2_11_,
        topicanaly0_.engagement_rate as engageme3_11_,
        topicanaly0_.likes as likes4_11_,
        topicanaly0_.shares as shares5_11_,
        topicanaly0_.views as views6_11_ 
    from
        topic_analytics topicanaly0_
Hibernate: 
    select
        publishera0_.analytics_id as analytic1_9_,
        publishera0_.bias as bias2_9_,
        publishera0_.engagement_rate as engageme3_9_,
        publishera0_.likes as likes4_9_,
        publishera0_.shares as shares5_9_,
        publishera0_.views as views6_9_ 
    from
        publisher_analytics publishera0_
Hibernate: 
    select
        authoranal0_.analytics_id as analytic1_3_,
        authoranal0_.bias as bias2_3_,
        authoranal0_.engagement_rate as engageme3_3_,
        authoranal0_.likes as likes4_3_,
        authoranal0_.shares as shares5_3_,
        authoranal0_.views as views6_3_ 
    from
        author_analytics authoranal0_
Hibernate: 
    insert 
    into
        owner_analytics
        (bias, engagement_rate, likes, shares, views) 
    values
        (?, ?, ?, ?, ?)
Hibernate: 
    insert 
    into
        owner
        (analytics_id, name) 
    values
        (?, ?)
Hibernate: 
    select
        owner0_.entity_id as entity_i1_6_,
        owner0_.analytics_id as analytic3_6_,
        owner0_.name as name2_6_ 
    from
        owner owner0_ 
    where
        owner0_.name=?
Hibernate: 
    select
        owneranaly0_.analytics_id as analytic1_7_0_,
        owneranaly0_.bias as bias2_7_0_,
        owneranaly0_.engagement_rate as engageme3_7_0_,
        owneranaly0_.likes as likes4_7_0_,
        owneranaly0_.shares as shares5_7_0_,
        owneranaly0_.views as views6_7_0_ 
    from
        owner_analytics owneranaly0_ 
    where
        owneranaly0_.analytics_id=?
Hibernate: 
    select
        article0_.entity_id as entity_i1_0_,
        article0_.analytics_id as analytic4_0_,
        article0_.name as name2_0_,
        article0_.author_id as author_i5_0_,
        article0_.content as content3_0_,
        article0_.newspaper_id as newspape6_0_,
        article0_.owner_id as owner_id7_0_,
        article0_.publisher_id as publishe8_0_,
        article0_.topic_id as topic_id9_0_ 
    from
        article article0_
Hibernate: 
    select
        newspaper0_.entity_id as entity_i1_4_,
        newspaper0_.analytics_id as analytic3_4_,
        newspaper0_.name as name2_4_ 
    from
        newspaper newspaper0_
Hibernate: 
    select
        owner0_.entity_id as entity_i1_6_,
        owner0_.analytics_id as analytic3_6_,
        owner0_.name as name2_6_ 
    from
        owner owner0_
Hibernate: 
    select
        owneranaly0_.analytics_id as analytic1_7_0_,
        owneranaly0_.bias as bias2_7_0_,
        owneranaly0_.engagement_rate as engageme3_7_0_,
        owneranaly0_.likes as likes4_7_0_,
        owneranaly0_.shares as shares5_7_0_,
        owneranaly0_.views as views6_7_0_ 
    from
        owner_analytics owneranaly0_ 
    where
        owneranaly0_.analytics_id=?
Hibernate: 
    delete 
    from
        owner 
    where
        entity_id=?
Hibernate: 
    select
        topic0_.entity_id as entity_i1_10_,
        topic0_.analytics_id as analytic3_10_,
        topic0_.name as name2_10_ 
    from
        topic topic0_
Hibernate: 
    select
        publisher0_.entity_id as entity_i1_8_,
        publisher0_.analytics_id as analytic3_8_,
        publisher0_.name as name2_8_ 
    from
        publisher publisher0_
Hibernate: 
    select
        author0_.entity_id as entity_i1_2_,
        author0_.analytics_id as analytic3_2_,
        author0_.name as name2_2_ 
    from
        author author0_
Hibernate: 
    select
        articleana0_.analytics_id as analytic1_1_,
        articleana0_.bias as bias2_1_,
        articleana0_.engagement_rate as engageme3_1_,
        articleana0_.likes as likes4_1_,
        articleana0_.shares as shares5_1_,
        articleana0_.views as views6_1_ 
    from
        article_analytics articleana0_
Hibernate: 
    select
        newspapera0_.analytics_id as analytic1_5_,
        newspapera0_.bias as bias2_5_,
        newspapera0_.engagement_rate as engageme3_5_,
        newspapera0_.likes as likes4_5_,
        newspapera0_.shares as shares5_5_,
        newspapera0_.views as views6_5_ 
    from
        newspaper_analytics newspapera0_
Hibernate: 
    select
        owneranaly0_.analytics_id as analytic1_7_,
        owneranaly0_.bias as bias2_7_,
        owneranaly0_.engagement_rate as engageme3_7_,
        owneranaly0_.likes as likes4_7_,
        owneranaly0_.shares as shares5_7_,
        owneranaly0_.views as views6_7_ 
    from
        owner_analytics owneranaly0_
Hibernate: 
    delete 
    from
        owner_analytics 
    where
        analytics_id=?
Hibernate: 
    select
        topicanaly0_.analytics_id as analytic1_11_,
        topicanaly0_.bias as bias2_11_,
        topicanaly0_.engagement_rate as engageme3_11_,
        topicanaly0_.likes as likes4_11_,
        topicanaly0_.shares as shares5_11_,
        topicanaly0_.views as views6_11_ 
    from
        topic_analytics topicanaly0_
Hibernate: 
    select
        publishera0_.analytics_id as analytic1_9_,
        publishera0_.bias as bias2_9_,
        publishera0_.engagement_rate as engageme3_9_,
        publishera0_.likes as likes4_9_,
        publishera0_.shares as shares5_9_,
        publishera0_.views as views6_9_ 
    from
        publisher_analytics publishera0_
Hibernate: 
    select
        authoranal0_.analytics_id as analytic1_3_,
        authoranal0_.bias as bias2_3_,
        authoranal0_.engagement_rate as engageme3_3_,
        authoranal0_.likes as likes4_3_,
        authoranal0_.shares as shares5_3_,
        authoranal0_.views as views6_3_ 
    from
        author_analytics authoranal0_
Hibernate: 
    insert 
    into
        owner_analytics
        (bias, engagement_rate, likes, shares, views) 
    values
        (?, ?, ?, ?, ?)
Hibernate: 
    insert 
    into
        owner
        (analytics_id, name) 
    values
        (?, ?)
Hibernate: 
    select
        owner0_.entity_id as entity_i1_6_,
        owner0_.analytics_id as analytic3_6_,
        owner0_.name as name2_6_ 
    from
        owner owner0_ 
    where
        owner0_.name=?
Hibernate: 
    select
        article0_.entity_id as entity_i1_0_,
        article0_.analytics_id as analytic4_0_,
        article0_.name as name2_0_,
        article0_.author_id as author_i5_0_,
        article0_.content as content3_0_,
        article0_.newspaper_id as newspape6_0_,
        article0_.owner_id as owner_id7_0_,
        article0_.publisher_id as publishe8_0_,
        article0_.topic_id as topic_id9_0_ 
    from
        article article0_
Hibernate: 
    select
        newspaper0_.entity_id as entity_i1_4_,
        newspaper0_.analytics_id as analytic3_4_,
        newspaper0_.name as name2_4_ 
    from
        newspaper newspaper0_
Hibernate: 
    select
        owner0_.entity_id as entity_i1_6_,
        owner0_.analytics_id as analytic3_6_,
        owner0_.name as name2_6_ 
    from
        owner owner0_
Hibernate: 
    select
        owneranaly0_.analytics_id as analytic1_7_0_,
        owneranaly0_.bias as bias2_7_0_,
        owneranaly0_.engagement_rate as engageme3_7_0_,
        owneranaly0_.likes as likes4_7_0_,
        owneranaly0_.shares as shares5_7_0_,
        owneranaly0_.views as views6_7_0_ 
    from
        owner_analytics owneranaly0_ 
    where
        owneranaly0_.analytics_id=?
Hibernate: 
    delete 
    from
        owner 
    where
        entity_id=?
Hibernate: 
    select
        topic0_.entity_id as entity_i1_10_,
        topic0_.analytics_id as analytic3_10_,
        topic0_.name as name2_10_ 
    from
        topic topic0_
Hibernate: 
    select
        publisher0_.entity_id as entity_i1_8_,
        publisher0_.analytics_id as analytic3_8_,
        publisher0_.name as name2_8_ 
    from
        publisher publisher0_
Hibernate: 
    select
        author0_.entity_id as entity_i1_2_,
        author0_.analytics_id as analytic3_2_,
        author0_.name as name2_2_ 
    from
        author author0_
Hibernate: 
    select
        articleana0_.analytics_id as analytic1_1_,
        articleana0_.bias as bias2_1_,
        articleana0_.engagement_rate as engageme3_1_,
        articleana0_.likes as likes4_1_,
        articleana0_.shares as shares5_1_,
        articleana0_.views as views6_1_ 
    from
        article_analytics articleana0_
Hibernate: 
    select
        newspapera0_.analytics_id as analytic1_5_,
        newspapera0_.bias as bias2_5_,
        newspapera0_.engagement_rate as engageme3_5_,
        newspapera0_.likes as likes4_5_,
        newspapera0_.shares as shares5_5_,
        newspapera0_.views as views6_5_ 
    from
        newspaper_analytics newspapera0_
Hibernate: 
    select
        owneranaly0_.analytics_id as analytic1_7_,
        owneranaly0_.bias as bias2_7_,
        owneranaly0_.engagement_rate as engageme3_7_,
        owneranaly0_.likes as likes4_7_,
        owneranaly0_.shares as shares5_7_,
        owneranaly0_.views as views6_7_ 
    from
        owner_analytics owneranaly0_
Hibernate: 
    delete 
    from
        owner_analytics 
    where
        analytics_id=?
Hibernate: 
    select
        topicanaly0_.analytics_id as analytic1_11_,
        topicanaly0_.bias as bias2_11_,
        topicanaly0_.engagement_rate as engageme3_11_,
        topicanaly0_.likes as likes4_11_,
        topicanaly0_.shares as shares5_11_,
        topicanaly0_.views as views6_11_ 
    from
        topic_analytics topicanaly0_
Hibernate: 
    select
        publishera0_.analytics_id as analytic1_9_,
        publishera0_.bias as bias2_9_,
        publishera0_.engagement_rate as engageme3_9_,
        publishera0_.likes as likes4_9_,
        publishera0_.shares as shares5_9_,
        publishera0_.views as views6_9_ 
    from
        publisher_analytics publishera0_
Hibernate: 
    select
        authoranal0_.analytics_id as analytic1_3_,
        authoranal0_.bias as bias2_3_,
        authoranal0_.engagement_rate as engageme3_3_,
        authoranal0_.likes as likes4_3_,
        authoranal0_.shares as shares5_3_,
        authoranal0_.views as views6_3_ 
    from
        author_analytics authoranal0_
Hibernate: 
    insert 
    into
        owner_analytics
        (bias, engagement_rate, likes, shares, views) 
    values
        (?, ?, ?, ?, ?)
Hibernate: 
    insert 
    into
        owner
        (analytics_id, name) 
    values
        (?, ?)
Hibernate: 
    select
        owner0_.entity_id as entity_i1_6_,
        owner0_.analytics_id as analytic3_6_,
        owner0_.name as name2_6_ 
    from
        owner owner0_
Hibernate: 
    select
        owneranaly0_.analytics_id as analytic1_7_0_,
        owneranaly0_.bias as bias2_7_0_,
        owneranaly0_.engagement_rate as engageme3_7_0_,
        owneranaly0_.likes as likes4_7_0_,
        owneranaly0_.shares as shares5_7_0_,
        owneranaly0_.views as views6_7_0_ 
    from
        owner_analytics owneranaly0_ 
    where
        owneranaly0_.analytics_id=?
Hibernate: 
    select
        article0_.entity_id as entity_i1_0_,
        article0_.analytics_id as analytic4_0_,
        article0_.name as name2_0_,
        article0_.author_id as author_i5_0_,
        article0_.content as content3_0_,
        article0_.newspaper_id as newspape6_0_,
        article0_.owner_id as owner_id7_0_,
        article0_.publisher_id as publishe8_0_,
        article0_.topic_id as topic_id9_0_ 
    from
        article article0_
Hibernate: 
    select
        newspaper0_.entity_id as entity_i1_4_,
        newspaper0_.analytics_id as analytic3_4_,
        newspaper0_.name as name2_4_ 
    from
        newspaper newspaper0_
Hibernate: 
    select
        owner0_.entity_id as entity_i1_6_,
        owner0_.analytics_id as analytic3_6_,
        owner0_.name as name2_6_ 
    from
        owner owner0_
Hibernate: 
    select
        owneranaly0_.analytics_id as analytic1_7_0_,
        owneranaly0_.bias as bias2_7_0_,
        owneranaly0_.engagement_rate as engageme3_7_0_,
        owneranaly0_.likes as likes4_7_0_,
        owneranaly0_.shares as shares5_7_0_,
        owneranaly0_.views as views6_7_0_ 
    from
        owner_analytics owneranaly0_ 
    where
        owneranaly0_.analytics_id=?
Hibernate: 
    delete 
    from
        owner 
    where
        entity_id=?
Hibernate: 
    select
        topic0_.entity_id as entity_i1_10_,
        topic0_.analytics_id as analytic3_10_,
        topic0_.name as name2_10_ 
    from
        topic topic0_
Hibernate: 
    select
        publisher0_.entity_id as entity_i1_8_,
        publisher0_.analytics_id as analytic3_8_,
        publisher0_.name as name2_8_ 
    from
        publisher publisher0_
Hibernate: 
    select
        author0_.entity_id as entity_i1_2_,
        author0_.analytics_id as analytic3_2_,
        author0_.name as name2_2_ 
    from
        author author0_
Hibernate: 
    select
        articleana0_.analytics_id as analytic1_1_,
        articleana0_.bias as bias2_1_,
        articleana0_.engagement_rate as engageme3_1_,
        articleana0_.likes as likes4_1_,
        articleana0_.shares as shares5_1_,
        articleana0_.views as views6_1_ 
    from
        article_analytics articleana0_
Hibernate: 
    select
        newspapera0_.analytics_id as analytic1_5_,
        newspapera0_.bias as bias2_5_,
        newspapera0_.engagement_rate as engageme3_5_,
        newspapera0_.likes as likes4_5_,
        newspapera0_.shares as shares5_5_,
        newspapera0_.views as views6_5_ 
    from
        newspaper_analytics newspapera0_
Hibernate: 
    select
        owneranaly0_.analytics_id as analytic1_7_,
        owneranaly0_.bias as bias2_7_,
        owneranaly0_.engagement_rate as engageme3_7_,
        owneranaly0_.likes as likes4_7_,
        owneranaly0_.shares as shares5_7_,
        owneranaly0_.views as views6_7_ 
    from
        owner_analytics owneranaly0_
Hibernate: 
    delete 
    from
        owner_analytics 
    where
        analytics_id=?
Hibernate: 
    select
        topicanaly0_.analytics_id as analytic1_11_,
        topicanaly0_.bias as bias2_11_,
        topicanaly0_.engagement_rate as engageme3_11_,
        topicanaly0_.likes as likes4_11_,
        topicanaly0_.shares as shares5_11_,
        topicanaly0_.views as views6_11_ 
    from
        topic_analytics topicanaly0_
Hibernate: 
    select
        publishera0_.analytics_id as analytic1_9_,
        publishera0_.bias as bias2_9_,
        publishera0_.engagement_rate as engageme3_9_,
        publishera0_.likes as likes4_9_,
        publishera0_.shares as shares5_9_,
        publishera0_.views as views6_9_ 
    from
        publisher_analytics publishera0_
Hibernate: 
    select
        authoranal0_.analytics_id as analytic1_3_,
        authoranal0_.bias as bias2_3_,
        authoranal0_.engagement_rate as engageme3_3_,
        authoranal0_.likes as likes4_3_,
        authoranal0_.shares as shares5_3_,
        authoranal0_.views as views6_3_ 
    from
        author_analytics authoranal0_
Hibernate: 
    insert 
    into
        owner_analytics
        (bias, engagement_rate, likes, shares, views) 
    values
        (?, ?, ?, ?, ?)
Hibernate: 
    insert 
    into
        owner
        (analytics_id, name) 
    values
        (?, ?)
Hibernate: 
    select
        owner0_.entity_id as entity_i1_6_,
        owner0_.analytics_id as analytic3_6_,
        owner0_.name as name2_6_ 
    from
        owner owner0_
Hibernate: 
    select
        owneranaly0_.analytics_id as analytic1_7_0_,
        owneranaly0_.bias as bias2_7_0_,
        owneranaly0_.engagement_rate as engageme3_7_0_,
        owneranaly0_.likes as likes4_7_0_,
        owneranaly0_.shares as shares5_7_0_,
        owneranaly0_.views as views6_7_0_ 
    from
        owner_analytics owneranaly0_ 
    where
        owneranaly0_.analytics_id=?
Hibernate: 
    select
        article0_.entity_id as entity_i1_0_,
        article0_.analytics_id as analytic4_0_,
        article0_.name as name2_0_,
        article0_.author_id as author_i5_0_,
        article0_.content as content3_0_,
        article0_.newspaper_id as newspape6_0_,
        article0_.owner_id as owner_id7_0_,
        article0_.publisher_id as publishe8_0_,
        article0_.topic_id as topic_id9_0_ 
    from
        article article0_
Hibernate: 
    select
        newspaper0_.entity_id as entity_i1_4_,
        newspaper0_.analytics_id as analytic3_4_,
        newspaper0_.name as name2_4_ 
    from
        newspaper newspaper0_
Hibernate: 
    select
        owner0_.entity_id as entity_i1_6_,
        owner0_.analytics_id as analytic3_6_,
        owner0_.name as name2_6_ 
    from
        owner owner0_
Hibernate: 
    select
        owneranaly0_.analytics_id as analytic1_7_0_,
        owneranaly0_.bias as bias2_7_0_,
        owneranaly0_.engagement_rate as engageme3_7_0_,
        owneranaly0_.likes as likes4_7_0_,
        owneranaly0_.shares as shares5_7_0_,
        owneranaly0_.views as views6_7_0_ 
    from
        owner_analytics owneranaly0_ 
    where
        owneranaly0_.analytics_id=?
Hibernate: 
    delete 
    from
        owner 
    where
        entity_id=?
Hibernate: 
    select
        topic0_.entity_id as entity_i1_10_,
        topic0_.analytics_id as analytic3_10_,
        topic0_.name as name2_10_ 
    from
        topic topic0_
Hibernate: 
    select
        publisher0_.entity_id as entity_i1_8_,
        publisher0_.analytics_id as analytic3_8_,
        publisher0_.name as name2_8_ 
    from
        publisher publisher0_
Hibernate: 
    select
        author0_.entity_id as entity_i1_2_,
        author0_.analytics_id as analytic3_2_,
        author0_.name as name2_2_ 
    from
        author author0_
Hibernate: 
    select
        articleana0_.analytics_id as analytic1_1_,
        articleana0_.bias as bias2_1_,
        articleana0_.engagement_rate as engageme3_1_,
        articleana0_.likes as likes4_1_,
        articleana0_.shares as shares5_1_,
        articleana0_.views as views6_1_ 
    from
        article_analytics articleana0_
Hibernate: 
    select
        newspapera0_.analytics_id as analytic1_5_,
        newspapera0_.bias as bias2_5_,
        newspapera0_.engagement_rate as engageme3_5_,
        newspapera0_.likes as likes4_5_,
        newspapera0_.shares as shares5_5_,
        newspapera0_.views as views6_5_ 
    from
        newspaper_analytics newspapera0_
Hibernate: 
    select
        owneranaly0_.analytics_id as analytic1_7_,
        owneranaly0_.bias as bias2_7_,
        owneranaly0_.engagement_rate as engageme3_7_,
        owneranaly0_.likes as likes4_7_,
        owneranaly0_.shares as shares5_7_,
        owneranaly0_.views as views6_7_ 
    from
        owner_analytics owneranaly0_
Hibernate: 
    delete 
    from
        owner_analytics 
    where
        analytics_id=?
Hibernate: 
    select
        topicanaly0_.analytics_id as analytic1_11_,
        topicanaly0_.bias as bias2_11_,
        topicanaly0_.engagement_rate as engageme3_11_,
        topicanaly0_.likes as likes4_11_,
        topicanaly0_.shares as shares5_11_,
        topicanaly0_.views as views6_11_ 
    from
        topic_analytics topicanaly0_
Hibernate: 
    select
        publishera0_.analytics_id as analytic1_9_,
        publishera0_.bias as bias2_9_,
        publishera0_.engagement_rate as engageme3_9_,
        publishera0_.likes as likes4_9_,
        publishera0_.shares as shares5_9_,
        publishera0_.views as views6_9_ 
    from
        publisher_analytics publishera0_
Hibernate: 
    select
        authoranal0_.analytics_id as analytic1_3_,
        authoranal0_.bias as bias2_3_,
        authoranal0_.engagement_rate as engageme3_3_,
        authoranal0_.likes as likes4_3_,
        authoranal0_.shares as shares5_3_,
        authoranal0_.views as views6_3_ 
    from
        author_analytics authoranal0_
Hibernate: 
    insert 
    into
        owner_analytics
        (bias, engagement_rate, likes, shares, views) 
    values
        (?, ?, ?, ?, ?)
Hibernate: 
    insert 
    into
        owner
        (analytics_id, name) 
    values
        (?, ?)
Hibernate: 
    select
        owner0_.entity_id as entity_i1_6_0_,
        owner0_.analytics_id as analytic3_6_0_,
        owner0_.name as name2_6_0_,
        owneranaly1_.analytics_id as analytic1_7_1_,
        owneranaly1_.bias as bias2_7_1_,
        owneranaly1_.engagement_rate as engageme3_7_1_,
        owneranaly1_.likes as likes4_7_1_,
        owneranaly1_.shares as shares5_7_1_,
        owneranaly1_.views as views6_7_1_ 
    from
        owner owner0_ 
    inner join
        owner_analytics owneranaly1_ 
            on owner0_.analytics_id=owneranaly1_.analytics_id 
    where
        owner0_.entity_id=?
Hibernate: 
    select
        article0_.entity_id as entity_i1_0_,
        article0_.analytics_id as analytic4_0_,
        article0_.name as name2_0_,
        article0_.author_id as author_i5_0_,
        article0_.content as content3_0_,
        article0_.newspaper_id as newspape6_0_,
        article0_.owner_id as owner_id7_0_,
        article0_.publisher_id as publishe8_0_,
        article0_.topic_id as topic_id9_0_ 
    from
        article article0_
Hibernate: 
    select
        newspaper0_.entity_id as entity_i1_4_,
        newspaper0_.analytics_id as analytic3_4_,
        newspaper0_.name as name2_4_ 
    from
        newspaper newspaper0_
Hibernate: 
    select
        owner0_.entity_id as entity_i1_6_,
        owner0_.analytics_id as analytic3_6_,
        owner0_.name as name2_6_ 
    from
        owner owner0_
Hibernate: 
    select
        owneranaly0_.analytics_id as analytic1_7_0_,
        owneranaly0_.bias as bias2_7_0_,
        owneranaly0_.engagement_rate as engageme3_7_0_,
        owneranaly0_.likes as likes4_7_0_,
        owneranaly0_.shares as shares5_7_0_,
        owneranaly0_.views as views6_7_0_ 
    from
        owner_analytics owneranaly0_ 
    where
        owneranaly0_.analytics_id=?
Hibernate: 
    delete 
    from
        owner 
    where
        entity_id=?
Hibernate: 
    select
        topic0_.entity_id as entity_i1_10_,
        topic0_.analytics_id as analytic3_10_,
        topic0_.name as name2_10_ 
    from
        topic topic0_
Hibernate: 
    select
        publisher0_.entity_id as entity_i1_8_,
        publisher0_.analytics_id as analytic3_8_,
        publisher0_.name as name2_8_ 
    from
        publisher publisher0_
Hibernate: 
    select
        author0_.entity_id as entity_i1_2_,
        author0_.analytics_id as analytic3_2_,
        author0_.name as name2_2_ 
    from
        author author0_
Hibernate: 
    select
        articleana0_.analytics_id as analytic1_1_,
        articleana0_.bias as bias2_1_,
        articleana0_.engagement_rate as engageme3_1_,
        articleana0_.likes as likes4_1_,
        articleana0_.shares as shares5_1_,
        articleana0_.views as views6_1_ 
    from
        article_analytics articleana0_
Hibernate: 
    select
        newspapera0_.analytics_id as analytic1_5_,
        newspapera0_.bias as bias2_5_,
        newspapera0_.engagement_rate as engageme3_5_,
        newspapera0_.likes as likes4_5_,
        newspapera0_.shares as shares5_5_,
        newspapera0_.views as views6_5_ 
    from
        newspaper_analytics newspapera0_
Hibernate: 
    select
        owneranaly0_.analytics_id as analytic1_7_,
        owneranaly0_.bias as bias2_7_,
        owneranaly0_.engagement_rate as engageme3_7_,
        owneranaly0_.likes as likes4_7_,
        owneranaly0_.shares as shares5_7_,
        owneranaly0_.views as views6_7_ 
    from
        owner_analytics owneranaly0_
Hibernate: 
    delete 
    from
        owner_analytics 
    where
        analytics_id=?
Hibernate: 
    select
        topicanaly0_.analytics_id as analytic1_11_,
        topicanaly0_.bias as bias2_11_,
        topicanaly0_.engagement_rate as engageme3_11_,
        topicanaly0_.likes as likes4_11_,
        topicanaly0_.shares as shares5_11_,
        topicanaly0_.views as views6_11_ 
    from
        topic_analytics topicanaly0_
Hibernate: 
    select
        publishera0_.analytics_id as analytic1_9_,
        publishera0_.bias as bias2_9_,
        publishera0_.engagement_rate as engageme3_9_,
        publishera0_.likes as likes4_9_,
        publishera0_.shares as shares5_9_,
        publishera0_.views as views6_9_ 
    from
        publisher_analytics publishera0_
Hibernate: 
    select
        authoranal0_.analytics_id as analytic1_3_,
        authoranal0_.bias as bias2_3_,
        authoranal0_.engagement_rate as engageme3_3_,
        authoranal0_.likes as likes4_3_,
        authoranal0_.shares as shares5_3_,
        authoranal0_.views as views6_3_ 
    from
        author_analytics authoranal0_
Hibernate: 
    insert 
    into
        owner_analytics
        (bias, engagement_rate, likes, shares, views) 
    values
        (?, ?, ?, ?, ?)
Hibernate: 
    insert 
    into
        owner
        (analytics_id, name) 
    values
        (?, ?)
Hibernate: 
    select
        owner0_.entity_id as entity_i1_6_,
        owner0_.analytics_id as analytic3_6_,
        owner0_.name as name2_6_ 
    from
        owner owner0_
Hibernate: 
    select
        owneranaly0_.analytics_id as analytic1_7_0_,
        owneranaly0_.bias as bias2_7_0_,
        owneranaly0_.engagement_rate as engageme3_7_0_,
        owneranaly0_.likes as likes4_7_0_,
        owneranaly0_.shares as shares5_7_0_,
        owneranaly0_.views as views6_7_0_ 
    from
        owner_analytics owneranaly0_ 
    where
        owneranaly0_.analytics_id=?
Hibernate: 
    delete 
    from
        owner 
    where
        entity_id=?
Hibernate: 
    select
        owner0_.entity_id as entity_i1_6_,
        owner0_.analytics_id as analytic3_6_,
        owner0_.name as name2_6_ 
    from
        owner owner0_
Hibernate: 
    select
        article0_.entity_id as entity_i1_0_,
        article0_.analytics_id as analytic4_0_,
        article0_.name as name2_0_,
        article0_.author_id as author_i5_0_,
        article0_.content as content3_0_,
        article0_.newspaper_id as newspape6_0_,
        article0_.owner_id as owner_id7_0_,
        article0_.publisher_id as publishe8_0_,
        article0_.topic_id as topic_id9_0_ 
    from
        article article0_
Hibernate: 
    select
        newspaper0_.entity_id as entity_i1_4_,
        newspaper0_.analytics_id as analytic3_4_,
        newspaper0_.name as name2_4_ 
    from
        newspaper newspaper0_
Hibernate: 
    select
        owner0_.entity_id as entity_i1_6_,
        owner0_.analytics_id as analytic3_6_,
        owner0_.name as name2_6_ 
    from
        owner owner0_
Hibernate: 
    select
        topic0_.entity_id as entity_i1_10_,
        topic0_.analytics_id as analytic3_10_,
        topic0_.name as name2_10_ 
    from
        topic topic0_
Hibernate: 
    select
        publisher0_.entity_id as entity_i1_8_,
        publisher0_.analytics_id as analytic3_8_,
        publisher0_.name as name2_8_ 
    from
        publisher publisher0_
Hibernate: 
    select
        author0_.entity_id as entity_i1_2_,
        author0_.analytics_id as analytic3_2_,
        author0_.name as name2_2_ 
    from
        author author0_
Hibernate: 
    select
        articleana0_.analytics_id as analytic1_1_,
        articleana0_.bias as bias2_1_,
        articleana0_.engagement_rate as engageme3_1_,
        articleana0_.likes as likes4_1_,
        articleana0_.shares as shares5_1_,
        articleana0_.views as views6_1_ 
    from
        article_analytics articleana0_
Hibernate: 
    select
        newspapera0_.analytics_id as analytic1_5_,
        newspapera0_.bias as bias2_5_,
        newspapera0_.engagement_rate as engageme3_5_,
        newspapera0_.likes as likes4_5_,
        newspapera0_.shares as shares5_5_,
        newspapera0_.views as views6_5_ 
    from
        newspaper_analytics newspapera0_
Hibernate: 
    select
        owneranaly0_.analytics_id as analytic1_7_,
        owneranaly0_.bias as bias2_7_,
        owneranaly0_.engagement_rate as engageme3_7_,
        owneranaly0_.likes as likes4_7_,
        owneranaly0_.shares as shares5_7_,
        owneranaly0_.views as views6_7_ 
    from
        owner_analytics owneranaly0_
Hibernate: 
    delete 
    from
        owner_analytics 
    where
        analytics_id=?
Hibernate: 
    select
        topicanaly0_.analytics_id as analytic1_11_,
        topicanaly0_.bias as bias2_11_,
        topicanaly0_.engagement_rate as engageme3_11_,
        topicanaly0_.likes as likes4_11_,
        topicanaly0_.shares as shares5_11_,
        topicanaly0_.views as views6_11_ 
    from
        topic_analytics topicanaly0_
Hibernate: 
    select
        publishera0_.analytics_id as analytic1_9_,
        publishera0_.bias as bias2_9_,
        publishera0_.engagement_rate as engageme3_9_,
        publishera0_.likes as likes4_9_,
        publishera0_.shares as shares5_9_,
        publishera0_.views as views6_9_ 
    from
        publisher_analytics publishera0_
Hibernate: 
    select
        authoranal0_.analytics_id as analytic1_3_,
        authoranal0_.bias as bias2_3_,
        authoranal0_.engagement_rate as engageme3_3_,
        authoranal0_.likes as likes4_3_,
        authoranal0_.shares as shares5_3_,
        authoranal0_.views as views6_3_ 
    from
        author_analytics authoranal0_
Hibernate: 
    insert 
    into
        owner_analytics
        (bias, engagement_rate, likes, shares, views) 
    values
        (?, ?, ?, ?, ?)
Hibernate: 
    insert 
    into
        owner
        (analytics_id, name) 
    values
        (?, ?)
Hibernate: 
    select
        owner0_.entity_id as entity_i1_6_,
        owner0_.analytics_id as analytic3_6_,
        owner0_.name as name2_6_ 
    from
        owner owner0_
Hibernate: 
    select
        owneranaly0_.analytics_id as analytic1_7_0_,
        owneranaly0_.bias as bias2_7_0_,
        owneranaly0_.engagement_rate as engageme3_7_0_,
        owneranaly0_.likes as likes4_7_0_,
        owneranaly0_.shares as shares5_7_0_,
        owneranaly0_.views as views6_7_0_ 
    from
        owner_analytics owneranaly0_ 
    where
        owneranaly0_.analytics_id=?
Hibernate: 
    select
        owner0_.entity_id as entity_i1_6_0_,
        owner0_.analytics_id as analytic3_6_0_,
        owner0_.name as name2_6_0_,
        owneranaly1_.analytics_id as analytic1_7_1_,
        owneranaly1_.bias as bias2_7_1_,
        owneranaly1_.engagement_rate as engageme3_7_1_,
        owneranaly1_.likes as likes4_7_1_,
        owneranaly1_.shares as shares5_7_1_,
        owneranaly1_.views as views6_7_1_ 
    from
        owner owner0_ 
    inner join
        owner_analytics owneranaly1_ 
            on owner0_.analytics_id=owneranaly1_.analytics_id 
    where
        owner0_.entity_id=?
]]></system-out>
  <system-err><![CDATA[]]></system-err>
</testsuite>
