<?xml version="1.0" encoding="UTF-8"?>
<testsuite name="ssd.Entities.Author.AuthorControllerTest" tests="8" skipped="0" failures="0" errors="0" timestamp="2024-08-09T07:30:18" hostname="COMMODORE" time="0.137">
  <properties/>
  <testcase name="testGetAllAuthors()" classname="ssd.Entities.Author.AuthorControllerTest" time="0.019"/>
  <testcase name="testGetAuthorsByName_notFound()" classname="ssd.Entities.Author.AuthorControllerTest" time="0.019"/>
  <testcase name="testGetPopularAuthors()" classname="ssd.Entities.Author.AuthorControllerTest" time="0.024"/>
  <testcase name="testGetAuthorsByName()" classname="ssd.Entities.Author.AuthorControllerTest" time="0.013"/>
  <testcase name="testGetAuthorById()" classname="ssd.Entities.Author.AuthorControllerTest" time="0.014"/>
  <testcase name="testGetAuthorById_notFound()" classname="ssd.Entities.Author.AuthorControllerTest" time="0.011"/>
  <testcase name="testGetAllAuthors_emptyDatabase()" classname="ssd.Entities.Author.AuthorControllerTest" time="0.013"/>
  <testcase name="testGetPopularAuthors_noContent()" classname="ssd.Entities.Author.AuthorControllerTest" time="0.015"/>
  <system-out><![CDATA[2024-08-09 09:30:18.750  INFO 81449 --- [    Test worker] .b.t.c.SpringBootTestContextBootstrapper : Neither @ContextConfiguration nor @ContextHierarchy found for test class [ssd.Entities.Author.AuthorControllerTest], using SpringBootContextLoader
2024-08-09 09:30:18.750  INFO 81449 --- [    Test worker] o.s.t.c.support.AbstractContextLoader    : Could not detect default resource locations for test class [ssd.Entities.Author.AuthorControllerTest]: no resource found for suffixes {-context.xml, Context.groovy}.
2024-08-09 09:30:18.750  INFO 81449 --- [    Test worker] t.c.s.AnnotationConfigContextLoaderUtils : Could not detect default configuration classes for test class [ssd.Entities.Author.AuthorControllerTest]: AuthorControllerTest does not declare any static, non-private, non-final, nested classes annotated with @Configuration.
2024-08-09 09:30:18.756  INFO 81449 --- [    Test worker] .b.t.c.SpringBootTestContextBootstrapper : Found @SpringBootConfiguration ssd.SSDApplication for test class ssd.Entities.Author.AuthorControllerTest
2024-08-09 09:30:18.757  INFO 81449 --- [    Test worker] .b.t.c.SpringBootTestContextBootstrapper : Loaded default TestExecutionListener class names from location [META-INF/spring.factories]: [org.springframework.boot.test.autoconfigure.restdocs.RestDocsTestExecutionListener, org.springframework.boot.test.autoconfigure.web.client.MockRestServiceServerResetTestExecutionListener, org.springframework.boot.test.autoconfigure.web.servlet.MockMvcPrintOnlyOnFailureTestExecutionListener, org.springframework.boot.test.autoconfigure.web.servlet.WebDriverTestExecutionListener, org.springframework.boot.test.autoconfigure.webservices.client.MockWebServiceServerTestExecutionListener, org.springframework.boot.test.mock.mockito.MockitoTestExecutionListener, org.springframework.boot.test.mock.mockito.ResetMocksTestExecutionListener, org.springframework.test.context.web.ServletTestExecutionListener, org.springframework.test.context.support.DirtiesContextBeforeModesTestExecutionListener, org.springframework.test.context.event.ApplicationEventsTestExecutionListener, org.springframework.test.context.support.DependencyInjectionTestExecutionListener, org.springframework.test.context.support.DirtiesContextTestExecutionListener, org.springframework.test.context.transaction.TransactionalTestExecutionListener, org.springframework.test.context.jdbc.SqlScriptsTestExecutionListener, org.springframework.test.context.event.EventPublishingTestExecutionListener]
2024-08-09 09:30:18.757  INFO 81449 --- [    Test worker] .b.t.c.SpringBootTestContextBootstrapper : Using TestExecutionListeners: [org.springframework.test.context.web.ServletTestExecutionListener@7b1d3a05, org.springframework.test.context.support.DirtiesContextBeforeModesTestExecutionListener@cc41d2d, org.springframework.test.context.event.ApplicationEventsTestExecutionListener@4c343088, org.springframework.boot.test.mock.mockito.MockitoTestExecutionListener@504ccf42, org.springframework.boot.test.autoconfigure.SpringBootDependencyInjectionTestExecutionListener@42130a5c, org.springframework.test.context.support.DirtiesContextTestExecutionListener@6e925a46, org.springframework.test.context.transaction.TransactionalTestExecutionListener@34f876c, org.springframework.test.context.jdbc.SqlScriptsTestExecutionListener@35cf7e98, org.springframework.test.context.event.EventPublishingTestExecutionListener@6f54d397, org.springframework.boot.test.autoconfigure.restdocs.RestDocsTestExecutionListener@1368e451, org.springframework.boot.test.autoconfigure.web.client.MockRestServiceServerResetTestExecutionListener@6ce365b7, org.springframework.boot.test.autoconfigure.web.servlet.MockMvcPrintOnlyOnFailureTestExecutionListener@2296ed0d, org.springframework.boot.test.autoconfigure.web.servlet.WebDriverTestExecutionListener@6b174aa3, org.springframework.boot.test.autoconfigure.webservices.client.MockWebServiceServerTestExecutionListener@3f8961fc, org.springframework.boot.test.mock.mockito.ResetMocksTestExecutionListener@48306567]
2024-08-09 09:30:18.762  INFO 81449 --- [    Test worker] o.s.b.t.m.w.SpringBootMockServletContext : Initializing Spring TestDispatcherServlet ''
2024-08-09 09:30:18.762  INFO 81449 --- [    Test worker] o.s.t.web.servlet.TestDispatcherServlet  : Initializing Servlet ''
2024-08-09 09:30:18.762  INFO 81449 --- [    Test worker] o.s.t.web.servlet.TestDispatcherServlet  : Completed initialization in 0 ms
Hibernate: 
    select
        author0_.author_id as author_i1_2_,
        author0_.author_age as author_a2_2_,
        author0_.author_analytics_id as author_a4_2_,
        author0_.author_name as author_n3_2_ 
    from
        author author0_
Hibernate: 
    select
        authoranal0_.author_analytics_id as author_a1_3_0_,
        authoranal0_.bias as bias2_3_0_,
        authoranal0_.engagementRate as engageme3_3_0_,
        authoranal0_.likes as likes4_3_0_,
        authoranal0_.shares as shares5_3_0_,
        authoranal0_.views as views6_3_0_ 
    from
        author_analytics authoranal0_ 
    where
        authoranal0_.author_analytics_id=?
Hibernate: 
    delete 
    from
        author 
    where
        author_id=?
Hibernate: 
    select
        authoranal0_.author_analytics_id as author_a1_3_,
        authoranal0_.bias as bias2_3_,
        authoranal0_.engagementRate as engageme3_3_,
        authoranal0_.likes as likes4_3_,
        authoranal0_.shares as shares5_3_,
        authoranal0_.views as views6_3_ 
    from
        author_analytics authoranal0_
Hibernate: 
    delete 
    from
        author_analytics 
    where
        author_analytics_id=?
Hibernate: 
    insert 
    into
        author_analytics
        (bias, engagementRate, likes, shares, views) 
    values
        (?, ?, ?, ?, ?)
Hibernate: 
    insert 
    into
        author
        (author_age, author_analytics_id, author_name) 
    values
        (?, ?, ?)
Hibernate: 
    select
        author0_.author_id as author_i1_2_,
        author0_.author_age as author_a2_2_,
        author0_.author_analytics_id as author_a4_2_,
        author0_.author_name as author_n3_2_ 
    from
        author author0_
Hibernate: 
    select
        authoranal0_.author_analytics_id as author_a1_3_0_,
        authoranal0_.bias as bias2_3_0_,
        authoranal0_.engagementRate as engageme3_3_0_,
        authoranal0_.likes as likes4_3_0_,
        authoranal0_.shares as shares5_3_0_,
        authoranal0_.views as views6_3_0_ 
    from
        author_analytics authoranal0_ 
    where
        authoranal0_.author_analytics_id=?
2024-08-09 09:30:18.781  INFO 81449 --- [    Test worker] o.s.b.t.m.w.SpringBootMockServletContext : Initializing Spring TestDispatcherServlet ''
2024-08-09 09:30:18.782  INFO 81449 --- [    Test worker] o.s.t.web.servlet.TestDispatcherServlet  : Initializing Servlet ''
2024-08-09 09:30:18.782  INFO 81449 --- [    Test worker] o.s.t.web.servlet.TestDispatcherServlet  : Completed initialization in 0 ms
Hibernate: 
    select
        author0_.author_id as author_i1_2_,
        author0_.author_age as author_a2_2_,
        author0_.author_analytics_id as author_a4_2_,
        author0_.author_name as author_n3_2_ 
    from
        author author0_
Hibernate: 
    select
        authoranal0_.author_analytics_id as author_a1_3_0_,
        authoranal0_.bias as bias2_3_0_,
        authoranal0_.engagementRate as engageme3_3_0_,
        authoranal0_.likes as likes4_3_0_,
        authoranal0_.shares as shares5_3_0_,
        authoranal0_.views as views6_3_0_ 
    from
        author_analytics authoranal0_ 
    where
        authoranal0_.author_analytics_id=?
Hibernate: 
    delete 
    from
        author 
    where
        author_id=?
Hibernate: 
    select
        authoranal0_.author_analytics_id as author_a1_3_,
        authoranal0_.bias as bias2_3_,
        authoranal0_.engagementRate as engageme3_3_,
        authoranal0_.likes as likes4_3_,
        authoranal0_.shares as shares5_3_,
        authoranal0_.views as views6_3_ 
    from
        author_analytics authoranal0_
Hibernate: 
    delete 
    from
        author_analytics 
    where
        author_analytics_id=?
Hibernate: 
    insert 
    into
        author_analytics
        (bias, engagementRate, likes, shares, views) 
    values
        (?, ?, ?, ?, ?)
Hibernate: 
    insert 
    into
        author
        (author_age, author_analytics_id, author_name) 
    values
        (?, ?, ?)
Hibernate: 
    select
        author0_.author_id as author_i1_2_,
        author0_.author_age as author_a2_2_,
        author0_.author_analytics_id as author_a4_2_,
        author0_.author_name as author_n3_2_ 
    from
        author author0_ 
    where
        author0_.author_name=?
2024-08-09 09:30:18.805  INFO 81449 --- [    Test worker] o.s.b.t.m.w.SpringBootMockServletContext : Initializing Spring TestDispatcherServlet ''
2024-08-09 09:30:18.805  INFO 81449 --- [    Test worker] o.s.t.web.servlet.TestDispatcherServlet  : Initializing Servlet ''
2024-08-09 09:30:18.806  INFO 81449 --- [    Test worker] o.s.t.web.servlet.TestDispatcherServlet  : Completed initialization in 0 ms
Hibernate: 
    select
        author0_.author_id as author_i1_2_,
        author0_.author_age as author_a2_2_,
        author0_.author_analytics_id as author_a4_2_,
        author0_.author_name as author_n3_2_ 
    from
        author author0_
Hibernate: 
    select
        authoranal0_.author_analytics_id as author_a1_3_0_,
        authoranal0_.bias as bias2_3_0_,
        authoranal0_.engagementRate as engageme3_3_0_,
        authoranal0_.likes as likes4_3_0_,
        authoranal0_.shares as shares5_3_0_,
        authoranal0_.views as views6_3_0_ 
    from
        author_analytics authoranal0_ 
    where
        authoranal0_.author_analytics_id=?
Hibernate: 
    delete 
    from
        author 
    where
        author_id=?
Hibernate: 
    select
        authoranal0_.author_analytics_id as author_a1_3_,
        authoranal0_.bias as bias2_3_,
        authoranal0_.engagementRate as engageme3_3_,
        authoranal0_.likes as likes4_3_,
        authoranal0_.shares as shares5_3_,
        authoranal0_.views as views6_3_ 
    from
        author_analytics authoranal0_
Hibernate: 
    delete 
    from
        author_analytics 
    where
        author_analytics_id=?
Hibernate: 
    insert 
    into
        author_analytics
        (bias, engagementRate, likes, shares, views) 
    values
        (?, ?, ?, ?, ?)
Hibernate: 
    insert 
    into
        author
        (author_age, author_analytics_id, author_name) 
    values
        (?, ?, ?)
Hibernate: 
    select
        author0_.author_id as author_i1_2_,
        author0_.author_age as author_a2_2_,
        author0_.author_analytics_id as author_a4_2_,
        author0_.author_name as author_n3_2_ 
    from
        author author0_
Hibernate: 
    select
        authoranal0_.author_analytics_id as author_a1_3_0_,
        authoranal0_.bias as bias2_3_0_,
        authoranal0_.engagementRate as engageme3_3_0_,
        authoranal0_.likes as likes4_3_0_,
        authoranal0_.shares as shares5_3_0_,
        authoranal0_.views as views6_3_0_ 
    from
        author_analytics authoranal0_ 
    where
        authoranal0_.author_analytics_id=?
2024-08-09 09:30:18.828  INFO 81449 --- [    Test worker] o.s.b.t.m.w.SpringBootMockServletContext : Initializing Spring TestDispatcherServlet ''
2024-08-09 09:30:18.828  INFO 81449 --- [    Test worker] o.s.t.web.servlet.TestDispatcherServlet  : Initializing Servlet ''
2024-08-09 09:30:18.829  INFO 81449 --- [    Test worker] o.s.t.web.servlet.TestDispatcherServlet  : Completed initialization in 1 ms
Hibernate: 
    select
        author0_.author_id as author_i1_2_,
        author0_.author_age as author_a2_2_,
        author0_.author_analytics_id as author_a4_2_,
        author0_.author_name as author_n3_2_ 
    from
        author author0_
Hibernate: 
    select
        authoranal0_.author_analytics_id as author_a1_3_0_,
        authoranal0_.bias as bias2_3_0_,
        authoranal0_.engagementRate as engageme3_3_0_,
        authoranal0_.likes as likes4_3_0_,
        authoranal0_.shares as shares5_3_0_,
        authoranal0_.views as views6_3_0_ 
    from
        author_analytics authoranal0_ 
    where
        authoranal0_.author_analytics_id=?
Hibernate: 
    delete 
    from
        author 
    where
        author_id=?
Hibernate: 
    select
        authoranal0_.author_analytics_id as author_a1_3_,
        authoranal0_.bias as bias2_3_,
        authoranal0_.engagementRate as engageme3_3_,
        authoranal0_.likes as likes4_3_,
        authoranal0_.shares as shares5_3_,
        authoranal0_.views as views6_3_ 
    from
        author_analytics authoranal0_
Hibernate: 
    delete 
    from
        author_analytics 
    where
        author_analytics_id=?
Hibernate: 
    insert 
    into
        author_analytics
        (bias, engagementRate, likes, shares, views) 
    values
        (?, ?, ?, ?, ?)
Hibernate: 
    insert 
    into
        author
        (author_age, author_analytics_id, author_name) 
    values
        (?, ?, ?)
Hibernate: 
    select
        author0_.author_id as author_i1_2_,
        author0_.author_age as author_a2_2_,
        author0_.author_analytics_id as author_a4_2_,
        author0_.author_name as author_n3_2_ 
    from
        author author0_ 
    where
        author0_.author_name=?
Hibernate: 
    select
        authoranal0_.author_analytics_id as author_a1_3_0_,
        authoranal0_.bias as bias2_3_0_,
        authoranal0_.engagementRate as engageme3_3_0_,
        authoranal0_.likes as likes4_3_0_,
        authoranal0_.shares as shares5_3_0_,
        authoranal0_.views as views6_3_0_ 
    from
        author_analytics authoranal0_ 
    where
        authoranal0_.author_analytics_id=?
2024-08-09 09:30:18.842  INFO 81449 --- [    Test worker] o.s.b.t.m.w.SpringBootMockServletContext : Initializing Spring TestDispatcherServlet ''
2024-08-09 09:30:18.843  INFO 81449 --- [    Test worker] o.s.t.web.servlet.TestDispatcherServlet  : Initializing Servlet ''
2024-08-09 09:30:18.843  INFO 81449 --- [    Test worker] o.s.t.web.servlet.TestDispatcherServlet  : Completed initialization in 0 ms
Hibernate: 
    select
        author0_.author_id as author_i1_2_,
        author0_.author_age as author_a2_2_,
        author0_.author_analytics_id as author_a4_2_,
        author0_.author_name as author_n3_2_ 
    from
        author author0_
Hibernate: 
    select
        authoranal0_.author_analytics_id as author_a1_3_0_,
        authoranal0_.bias as bias2_3_0_,
        authoranal0_.engagementRate as engageme3_3_0_,
        authoranal0_.likes as likes4_3_0_,
        authoranal0_.shares as shares5_3_0_,
        authoranal0_.views as views6_3_0_ 
    from
        author_analytics authoranal0_ 
    where
        authoranal0_.author_analytics_id=?
Hibernate: 
    delete 
    from
        author 
    where
        author_id=?
Hibernate: 
    select
        authoranal0_.author_analytics_id as author_a1_3_,
        authoranal0_.bias as bias2_3_,
        authoranal0_.engagementRate as engageme3_3_,
        authoranal0_.likes as likes4_3_,
        authoranal0_.shares as shares5_3_,
        authoranal0_.views as views6_3_ 
    from
        author_analytics authoranal0_
Hibernate: 
    delete 
    from
        author_analytics 
    where
        author_analytics_id=?
Hibernate: 
    insert 
    into
        author_analytics
        (bias, engagementRate, likes, shares, views) 
    values
        (?, ?, ?, ?, ?)
Hibernate: 
    insert 
    into
        author
        (author_age, author_analytics_id, author_name) 
    values
        (?, ?, ?)
Hibernate: 
    select
        author0_.author_id as author_i1_2_0_,
        author0_.author_age as author_a2_2_0_,
        author0_.author_analytics_id as author_a4_2_0_,
        author0_.author_name as author_n3_2_0_,
        authoranal1_.author_analytics_id as author_a1_3_1_,
        authoranal1_.bias as bias2_3_1_,
        authoranal1_.engagementRate as engageme3_3_1_,
        authoranal1_.likes as likes4_3_1_,
        authoranal1_.shares as shares5_3_1_,
        authoranal1_.views as views6_3_1_ 
    from
        author author0_ 
    inner join
        author_analytics authoranal1_ 
            on author0_.author_analytics_id=authoranal1_.author_analytics_id 
    where
        author0_.author_id=?
2024-08-09 09:30:18.857  INFO 81449 --- [    Test worker] o.s.b.t.m.w.SpringBootMockServletContext : Initializing Spring TestDispatcherServlet ''
2024-08-09 09:30:18.857  INFO 81449 --- [    Test worker] o.s.t.web.servlet.TestDispatcherServlet  : Initializing Servlet ''
2024-08-09 09:30:18.858  INFO 81449 --- [    Test worker] o.s.t.web.servlet.TestDispatcherServlet  : Completed initialization in 1 ms
Hibernate: 
    select
        author0_.author_id as author_i1_2_,
        author0_.author_age as author_a2_2_,
        author0_.author_analytics_id as author_a4_2_,
        author0_.author_name as author_n3_2_ 
    from
        author author0_
Hibernate: 
    select
        authoranal0_.author_analytics_id as author_a1_3_0_,
        authoranal0_.bias as bias2_3_0_,
        authoranal0_.engagementRate as engageme3_3_0_,
        authoranal0_.likes as likes4_3_0_,
        authoranal0_.shares as shares5_3_0_,
        authoranal0_.views as views6_3_0_ 
    from
        author_analytics authoranal0_ 
    where
        authoranal0_.author_analytics_id=?
Hibernate: 
    delete 
    from
        author 
    where
        author_id=?
Hibernate: 
    select
        authoranal0_.author_analytics_id as author_a1_3_,
        authoranal0_.bias as bias2_3_,
        authoranal0_.engagementRate as engageme3_3_,
        authoranal0_.likes as likes4_3_,
        authoranal0_.shares as shares5_3_,
        authoranal0_.views as views6_3_ 
    from
        author_analytics authoranal0_
Hibernate: 
    delete 
    from
        author_analytics 
    where
        author_analytics_id=?
Hibernate: 
    insert 
    into
        author_analytics
        (bias, engagementRate, likes, shares, views) 
    values
        (?, ?, ?, ?, ?)
Hibernate: 
    insert 
    into
        author
        (author_age, author_analytics_id, author_name) 
    values
        (?, ?, ?)
Hibernate: 
    select
        author0_.author_id as author_i1_2_0_,
        author0_.author_age as author_a2_2_0_,
        author0_.author_analytics_id as author_a4_2_0_,
        author0_.author_name as author_n3_2_0_,
        authoranal1_.author_analytics_id as author_a1_3_1_,
        authoranal1_.bias as bias2_3_1_,
        authoranal1_.engagementRate as engageme3_3_1_,
        authoranal1_.likes as likes4_3_1_,
        authoranal1_.shares as shares5_3_1_,
        authoranal1_.views as views6_3_1_ 
    from
        author author0_ 
    inner join
        author_analytics authoranal1_ 
            on author0_.author_analytics_id=authoranal1_.author_analytics_id 
    where
        author0_.author_id=?
2024-08-09 09:30:18.870  INFO 81449 --- [    Test worker] o.s.b.t.m.w.SpringBootMockServletContext : Initializing Spring TestDispatcherServlet ''
2024-08-09 09:30:18.870  INFO 81449 --- [    Test worker] o.s.t.web.servlet.TestDispatcherServlet  : Initializing Servlet ''
2024-08-09 09:30:18.870  INFO 81449 --- [    Test worker] o.s.t.web.servlet.TestDispatcherServlet  : Completed initialization in 0 ms
Hibernate: 
    select
        author0_.author_id as author_i1_2_,
        author0_.author_age as author_a2_2_,
        author0_.author_analytics_id as author_a4_2_,
        author0_.author_name as author_n3_2_ 
    from
        author author0_
Hibernate: 
    select
        authoranal0_.author_analytics_id as author_a1_3_0_,
        authoranal0_.bias as bias2_3_0_,
        authoranal0_.engagementRate as engageme3_3_0_,
        authoranal0_.likes as likes4_3_0_,
        authoranal0_.shares as shares5_3_0_,
        authoranal0_.views as views6_3_0_ 
    from
        author_analytics authoranal0_ 
    where
        authoranal0_.author_analytics_id=?
Hibernate: 
    delete 
    from
        author 
    where
        author_id=?
Hibernate: 
    select
        authoranal0_.author_analytics_id as author_a1_3_,
        authoranal0_.bias as bias2_3_,
        authoranal0_.engagementRate as engageme3_3_,
        authoranal0_.likes as likes4_3_,
        authoranal0_.shares as shares5_3_,
        authoranal0_.views as views6_3_ 
    from
        author_analytics authoranal0_
Hibernate: 
    delete 
    from
        author_analytics 
    where
        author_analytics_id=?
Hibernate: 
    insert 
    into
        author_analytics
        (bias, engagementRate, likes, shares, views) 
    values
        (?, ?, ?, ?, ?)
Hibernate: 
    insert 
    into
        author
        (author_age, author_analytics_id, author_name) 
    values
        (?, ?, ?)
Hibernate: 
    select
        author0_.author_id as author_i1_2_,
        author0_.author_age as author_a2_2_,
        author0_.author_analytics_id as author_a4_2_,
        author0_.author_name as author_n3_2_ 
    from
        author author0_
Hibernate: 
    select
        authoranal0_.author_analytics_id as author_a1_3_0_,
        authoranal0_.bias as bias2_3_0_,
        authoranal0_.engagementRate as engageme3_3_0_,
        authoranal0_.likes as likes4_3_0_,
        authoranal0_.shares as shares5_3_0_,
        authoranal0_.views as views6_3_0_ 
    from
        author_analytics authoranal0_ 
    where
        authoranal0_.author_analytics_id=?
Hibernate: 
    delete 
    from
        author 
    where
        author_id=?
Hibernate: 
    select
        author0_.author_id as author_i1_2_,
        author0_.author_age as author_a2_2_,
        author0_.author_analytics_id as author_a4_2_,
        author0_.author_name as author_n3_2_ 
    from
        author author0_
2024-08-09 09:30:18.883  INFO 81449 --- [    Test worker] o.s.b.t.m.w.SpringBootMockServletContext : Initializing Spring TestDispatcherServlet ''
2024-08-09 09:30:18.883  INFO 81449 --- [    Test worker] o.s.t.web.servlet.TestDispatcherServlet  : Initializing Servlet ''
2024-08-09 09:30:18.884  INFO 81449 --- [    Test worker] o.s.t.web.servlet.TestDispatcherServlet  : Completed initialization in 1 ms
Hibernate: 
    select
        author0_.author_id as author_i1_2_,
        author0_.author_age as author_a2_2_,
        author0_.author_analytics_id as author_a4_2_,
        author0_.author_name as author_n3_2_ 
    from
        author author0_
Hibernate: 
    select
        authoranal0_.author_analytics_id as author_a1_3_,
        authoranal0_.bias as bias2_3_,
        authoranal0_.engagementRate as engageme3_3_,
        authoranal0_.likes as likes4_3_,
        authoranal0_.shares as shares5_3_,
        authoranal0_.views as views6_3_ 
    from
        author_analytics authoranal0_
Hibernate: 
    delete 
    from
        author_analytics 
    where
        author_analytics_id=?
Hibernate: 
    insert 
    into
        author_analytics
        (bias, engagementRate, likes, shares, views) 
    values
        (?, ?, ?, ?, ?)
Hibernate: 
    insert 
    into
        author
        (author_age, author_analytics_id, author_name) 
    values
        (?, ?, ?)
Hibernate: 
    select
        author0_.author_id as author_i1_2_,
        author0_.author_age as author_a2_2_,
        author0_.author_analytics_id as author_a4_2_,
        author0_.author_name as author_n3_2_ 
    from
        author author0_
Hibernate: 
    select
        authoranal0_.author_analytics_id as author_a1_3_0_,
        authoranal0_.bias as bias2_3_0_,
        authoranal0_.engagementRate as engageme3_3_0_,
        authoranal0_.likes as likes4_3_0_,
        authoranal0_.shares as shares5_3_0_,
        authoranal0_.views as views6_3_0_ 
    from
        author_analytics authoranal0_ 
    where
        authoranal0_.author_analytics_id=?
Hibernate: 
    delete 
    from
        author 
    where
        author_id=?
Hibernate: 
    select
        author0_.author_id as author_i1_2_,
        author0_.author_age as author_a2_2_,
        author0_.author_analytics_id as author_a4_2_,
        author0_.author_name as author_n3_2_ 
    from
        author author0_
]]></system-out>
  <system-err><![CDATA[]]></system-err>
</testsuite>
