<?xml version="1.0" encoding="UTF-8"?>
<testsuite name="ssd.Entities.Newspaper.NewspaperControllerTest" tests="8" skipped="0" failures="0" errors="0" timestamp="2024-08-11T11:40:16" hostname="COMMODORE" time="0.155">
  <properties/>
  <testcase name="testGetPopularNewspapers_noContent()" classname="ssd.Entities.Newspaper.NewspaperControllerTest" time="0.025"/>
  <testcase name="testGetNewspapersByName_notFound()" classname="ssd.Entities.Newspaper.NewspaperControllerTest" time="0.018"/>
  <testcase name="testGetAllNewspapers()" classname="ssd.Entities.Newspaper.NewspaperControllerTest" time="0.017"/>
  <testcase name="testGetNewspaperById_notFound()" classname="ssd.Entities.Newspaper.NewspaperControllerTest" time="0.019"/>
  <testcase name="testGetNewspaperById()" classname="ssd.Entities.Newspaper.NewspaperControllerTest" time="0.018"/>
  <testcase name="testGetPopularNewspapers()" classname="ssd.Entities.Newspaper.NewspaperControllerTest" time="0.018"/>
  <testcase name="testGetAllNewspapers_emptyDatabase()" classname="ssd.Entities.Newspaper.NewspaperControllerTest" time="0.019"/>
  <testcase name="testGetNewspapersByName()" classname="ssd.Entities.Newspaper.NewspaperControllerTest" time="0.014"/>
  <system-out><![CDATA[2024-08-11 13:40:16.103  INFO 246421 --- [    Test worker] .b.t.c.SpringBootTestContextBootstrapper : Neither @ContextConfiguration nor @ContextHierarchy found for test class [ssd.Entities.Newspaper.NewspaperControllerTest], using SpringBootContextLoader
2024-08-11 13:40:16.104  INFO 246421 --- [    Test worker] o.s.t.c.support.AbstractContextLoader    : Could not detect default resource locations for test class [ssd.Entities.Newspaper.NewspaperControllerTest]: no resource found for suffixes {-context.xml, Context.groovy}.
2024-08-11 13:40:16.104  INFO 246421 --- [    Test worker] t.c.s.AnnotationConfigContextLoaderUtils : Could not detect default configuration classes for test class [ssd.Entities.Newspaper.NewspaperControllerTest]: NewspaperControllerTest does not declare any static, non-private, non-final, nested classes annotated with @Configuration.
2024-08-11 13:40:16.107  INFO 246421 --- [    Test worker] .b.t.c.SpringBootTestContextBootstrapper : Found @SpringBootConfiguration ssd.SSDApplication for test class ssd.Entities.Newspaper.NewspaperControllerTest
2024-08-11 13:40:16.108  INFO 246421 --- [    Test worker] .b.t.c.SpringBootTestContextBootstrapper : Loaded default TestExecutionListener class names from location [META-INF/spring.factories]: [org.springframework.boot.test.autoconfigure.restdocs.RestDocsTestExecutionListener, org.springframework.boot.test.autoconfigure.web.client.MockRestServiceServerResetTestExecutionListener, org.springframework.boot.test.autoconfigure.web.servlet.MockMvcPrintOnlyOnFailureTestExecutionListener, org.springframework.boot.test.autoconfigure.web.servlet.WebDriverTestExecutionListener, org.springframework.boot.test.autoconfigure.webservices.client.MockWebServiceServerTestExecutionListener, org.springframework.boot.test.mock.mockito.MockitoTestExecutionListener, org.springframework.boot.test.mock.mockito.ResetMocksTestExecutionListener, org.springframework.test.context.web.ServletTestExecutionListener, org.springframework.test.context.support.DirtiesContextBeforeModesTestExecutionListener, org.springframework.test.context.event.ApplicationEventsTestExecutionListener, org.springframework.test.context.support.DependencyInjectionTestExecutionListener, org.springframework.test.context.support.DirtiesContextTestExecutionListener, org.springframework.test.context.transaction.TransactionalTestExecutionListener, org.springframework.test.context.jdbc.SqlScriptsTestExecutionListener, org.springframework.test.context.event.EventPublishingTestExecutionListener]
2024-08-11 13:40:16.109  INFO 246421 --- [    Test worker] .b.t.c.SpringBootTestContextBootstrapper : Using TestExecutionListeners: [org.springframework.test.context.web.ServletTestExecutionListener@7b0a69b9, org.springframework.test.context.support.DirtiesContextBeforeModesTestExecutionListener@6d398b6c, org.springframework.test.context.event.ApplicationEventsTestExecutionListener@a8ef0c2, org.springframework.boot.test.mock.mockito.MockitoTestExecutionListener@46c5747f, org.springframework.boot.test.autoconfigure.SpringBootDependencyInjectionTestExecutionListener@6eaa8abf, org.springframework.test.context.support.DirtiesContextTestExecutionListener@4fe91eed, org.springframework.test.context.transaction.TransactionalTestExecutionListener@329cef32, org.springframework.test.context.jdbc.SqlScriptsTestExecutionListener@5f171392, org.springframework.test.context.event.EventPublishingTestExecutionListener@655295bd, org.springframework.boot.test.autoconfigure.restdocs.RestDocsTestExecutionListener@62cbe18c, org.springframework.boot.test.autoconfigure.web.client.MockRestServiceServerResetTestExecutionListener@377b7798, org.springframework.boot.test.autoconfigure.web.servlet.MockMvcPrintOnlyOnFailureTestExecutionListener@50177966, org.springframework.boot.test.autoconfigure.web.servlet.WebDriverTestExecutionListener@2199e1a4, org.springframework.boot.test.autoconfigure.webservices.client.MockWebServiceServerTestExecutionListener@1c63b39a, org.springframework.boot.test.mock.mockito.ResetMocksTestExecutionListener@7048d039]
Hibernate: 
    select
        article0_.id as id1_0_,
        article0_.analytics_id as analytic4_0_,
        article0_.name as name2_0_,
        article0_.author_id as author_i5_0_,
        article0_.content as content3_0_,
        article0_.newspaper_id as newspape6_0_,
        article0_.owner_id as owner_id7_0_,
        article0_.publisher_id as publishe8_0_,
        article0_.topic_id as topic_id9_0_ 
    from
        article article0_
Hibernate: 
    select
        newspaper0_.id as id1_6_,
        newspaper0_.analytics_id as analytic3_6_,
        newspaper0_.name as name2_6_ 
    from
        newspaper newspaper0_
Hibernate: 
    select
        owner0_.id as id1_9_,
        owner0_.analytics_id as analytic3_9_,
        owner0_.name as name2_9_ 
    from
        owner owner0_
Hibernate: 
    select
        topic0_.id as id1_15_,
        topic0_.analytics_id as analytic3_15_,
        topic0_.name as name2_15_ 
    from
        topic topic0_
Hibernate: 
    select
        publisher0_.id as id1_12_,
        publisher0_.analytics_id as analytic3_12_,
        publisher0_.name as name2_12_ 
    from
        publisher publisher0_
Hibernate: 
    select
        author0_.id as id1_3_,
        author0_.analytics_id as analytic3_3_,
        author0_.name as name2_3_ 
    from
        author author0_
Hibernate: 
    select
        articleana0_.analytics_id as analytic1_1_,
        articleana0_.bias as bias2_1_,
        articleana0_.engagement_rate as engageme3_1_,
        articleana0_.likes as likes4_1_,
        articleana0_.shares as shares5_1_,
        articleana0_.views as views6_1_ 
    from
        article_analytics articleana0_
Hibernate: 
    select
        newspapera0_.analytics_id as analytic1_7_,
        newspapera0_.bias as bias2_7_,
        newspapera0_.engagement_rate as engageme3_7_,
        newspapera0_.likes as likes4_7_,
        newspapera0_.shares as shares5_7_,
        newspapera0_.views as views6_7_ 
    from
        newspaper_analytics newspapera0_
Hibernate: 
    select
        owneranaly0_.analytics_id as analytic1_10_,
        owneranaly0_.bias as bias2_10_,
        owneranaly0_.engagement_rate as engageme3_10_,
        owneranaly0_.likes as likes4_10_,
        owneranaly0_.shares as shares5_10_,
        owneranaly0_.views as views6_10_ 
    from
        owner_analytics owneranaly0_
Hibernate: 
    select
        topicanaly0_.analytics_id as analytic1_16_,
        topicanaly0_.bias as bias2_16_,
        topicanaly0_.engagement_rate as engageme3_16_,
        topicanaly0_.likes as likes4_16_,
        topicanaly0_.shares as shares5_16_,
        topicanaly0_.views as views6_16_ 
    from
        topic_analytics topicanaly0_
Hibernate: 
    select
        publishera0_.analytics_id as analytic1_13_,
        publishera0_.bias as bias2_13_,
        publishera0_.engagement_rate as engageme3_13_,
        publishera0_.likes as likes4_13_,
        publishera0_.shares as shares5_13_,
        publishera0_.views as views6_13_ 
    from
        publisher_analytics publishera0_
Hibernate: 
    select
        authoranal0_.analytics_id as analytic1_4_,
        authoranal0_.bias as bias2_4_,
        authoranal0_.engagement_rate as engageme3_4_,
        authoranal0_.likes as likes4_4_,
        authoranal0_.shares as shares5_4_,
        authoranal0_.views as views6_4_ 
    from
        author_analytics authoranal0_
Hibernate: 
    delete 
    from
        author_analytics 
    where
        analytics_id=?
Hibernate: 
    insert 
    into
        newspaper_analytics
        (bias, engagement_rate, likes, shares, views) 
    values
        (?, ?, ?, ?, ?)
Hibernate: 
    insert 
    into
        newspaper
        (analytics_id, name) 
    values
        (?, ?)
Hibernate: 
    select
        newspaper0_.id as id1_6_,
        newspaper0_.analytics_id as analytic3_6_,
        newspaper0_.name as name2_6_ 
    from
        newspaper newspaper0_
Hibernate: 
    select
        newspapera0_.analytics_id as analytic1_7_0_,
        newspapera0_.bias as bias2_7_0_,
        newspapera0_.engagement_rate as engageme3_7_0_,
        newspapera0_.likes as likes4_7_0_,
        newspapera0_.shares as shares5_7_0_,
        newspapera0_.views as views6_7_0_ 
    from
        newspaper_analytics newspapera0_ 
    where
        newspapera0_.analytics_id=?
Hibernate: 
    delete 
    from
        newspaper 
    where
        id=?
Hibernate: 
    select
        newspaper0_.id as id1_6_,
        newspaper0_.analytics_id as analytic3_6_,
        newspaper0_.name as name2_6_ 
    from
        newspaper newspaper0_
Hibernate: 
    select
        article0_.id as id1_0_,
        article0_.analytics_id as analytic4_0_,
        article0_.name as name2_0_,
        article0_.author_id as author_i5_0_,
        article0_.content as content3_0_,
        article0_.newspaper_id as newspape6_0_,
        article0_.owner_id as owner_id7_0_,
        article0_.publisher_id as publishe8_0_,
        article0_.topic_id as topic_id9_0_ 
    from
        article article0_
Hibernate: 
    select
        newspaper0_.id as id1_6_,
        newspaper0_.analytics_id as analytic3_6_,
        newspaper0_.name as name2_6_ 
    from
        newspaper newspaper0_
Hibernate: 
    select
        owner0_.id as id1_9_,
        owner0_.analytics_id as analytic3_9_,
        owner0_.name as name2_9_ 
    from
        owner owner0_
Hibernate: 
    select
        topic0_.id as id1_15_,
        topic0_.analytics_id as analytic3_15_,
        topic0_.name as name2_15_ 
    from
        topic topic0_
Hibernate: 
    select
        publisher0_.id as id1_12_,
        publisher0_.analytics_id as analytic3_12_,
        publisher0_.name as name2_12_ 
    from
        publisher publisher0_
Hibernate: 
    select
        author0_.id as id1_3_,
        author0_.analytics_id as analytic3_3_,
        author0_.name as name2_3_ 
    from
        author author0_
Hibernate: 
    select
        articleana0_.analytics_id as analytic1_1_,
        articleana0_.bias as bias2_1_,
        articleana0_.engagement_rate as engageme3_1_,
        articleana0_.likes as likes4_1_,
        articleana0_.shares as shares5_1_,
        articleana0_.views as views6_1_ 
    from
        article_analytics articleana0_
Hibernate: 
    select
        newspapera0_.analytics_id as analytic1_7_,
        newspapera0_.bias as bias2_7_,
        newspapera0_.engagement_rate as engageme3_7_,
        newspapera0_.likes as likes4_7_,
        newspapera0_.shares as shares5_7_,
        newspapera0_.views as views6_7_ 
    from
        newspaper_analytics newspapera0_
Hibernate: 
    delete 
    from
        newspaper_analytics 
    where
        analytics_id=?
Hibernate: 
    select
        owneranaly0_.analytics_id as analytic1_10_,
        owneranaly0_.bias as bias2_10_,
        owneranaly0_.engagement_rate as engageme3_10_,
        owneranaly0_.likes as likes4_10_,
        owneranaly0_.shares as shares5_10_,
        owneranaly0_.views as views6_10_ 
    from
        owner_analytics owneranaly0_
Hibernate: 
    select
        topicanaly0_.analytics_id as analytic1_16_,
        topicanaly0_.bias as bias2_16_,
        topicanaly0_.engagement_rate as engageme3_16_,
        topicanaly0_.likes as likes4_16_,
        topicanaly0_.shares as shares5_16_,
        topicanaly0_.views as views6_16_ 
    from
        topic_analytics topicanaly0_
Hibernate: 
    select
        publishera0_.analytics_id as analytic1_13_,
        publishera0_.bias as bias2_13_,
        publishera0_.engagement_rate as engageme3_13_,
        publishera0_.likes as likes4_13_,
        publishera0_.shares as shares5_13_,
        publishera0_.views as views6_13_ 
    from
        publisher_analytics publishera0_
Hibernate: 
    select
        authoranal0_.analytics_id as analytic1_4_,
        authoranal0_.bias as bias2_4_,
        authoranal0_.engagement_rate as engageme3_4_,
        authoranal0_.likes as likes4_4_,
        authoranal0_.shares as shares5_4_,
        authoranal0_.views as views6_4_ 
    from
        author_analytics authoranal0_
Hibernate: 
    insert 
    into
        newspaper_analytics
        (bias, engagement_rate, likes, shares, views) 
    values
        (?, ?, ?, ?, ?)
Hibernate: 
    insert 
    into
        newspaper
        (analytics_id, name) 
    values
        (?, ?)
Hibernate: 
    select
        newspaper0_.id as id1_6_,
        newspaper0_.analytics_id as analytic3_6_,
        newspaper0_.name as name2_6_ 
    from
        newspaper newspaper0_ 
    where
        newspaper0_.name=?
Hibernate: 
    select
        article0_.id as id1_0_,
        article0_.analytics_id as analytic4_0_,
        article0_.name as name2_0_,
        article0_.author_id as author_i5_0_,
        article0_.content as content3_0_,
        article0_.newspaper_id as newspape6_0_,
        article0_.owner_id as owner_id7_0_,
        article0_.publisher_id as publishe8_0_,
        article0_.topic_id as topic_id9_0_ 
    from
        article article0_
Hibernate: 
    select
        newspaper0_.id as id1_6_,
        newspaper0_.analytics_id as analytic3_6_,
        newspaper0_.name as name2_6_ 
    from
        newspaper newspaper0_
Hibernate: 
    select
        newspapera0_.analytics_id as analytic1_7_0_,
        newspapera0_.bias as bias2_7_0_,
        newspapera0_.engagement_rate as engageme3_7_0_,
        newspapera0_.likes as likes4_7_0_,
        newspapera0_.shares as shares5_7_0_,
        newspapera0_.views as views6_7_0_ 
    from
        newspaper_analytics newspapera0_ 
    where
        newspapera0_.analytics_id=?
Hibernate: 
    delete 
    from
        newspaper 
    where
        id=?
Hibernate: 
    select
        owner0_.id as id1_9_,
        owner0_.analytics_id as analytic3_9_,
        owner0_.name as name2_9_ 
    from
        owner owner0_
Hibernate: 
    select
        topic0_.id as id1_15_,
        topic0_.analytics_id as analytic3_15_,
        topic0_.name as name2_15_ 
    from
        topic topic0_
Hibernate: 
    select
        publisher0_.id as id1_12_,
        publisher0_.analytics_id as analytic3_12_,
        publisher0_.name as name2_12_ 
    from
        publisher publisher0_
Hibernate: 
    select
        author0_.id as id1_3_,
        author0_.analytics_id as analytic3_3_,
        author0_.name as name2_3_ 
    from
        author author0_
Hibernate: 
    select
        articleana0_.analytics_id as analytic1_1_,
        articleana0_.bias as bias2_1_,
        articleana0_.engagement_rate as engageme3_1_,
        articleana0_.likes as likes4_1_,
        articleana0_.shares as shares5_1_,
        articleana0_.views as views6_1_ 
    from
        article_analytics articleana0_
Hibernate: 
    select
        newspapera0_.analytics_id as analytic1_7_,
        newspapera0_.bias as bias2_7_,
        newspapera0_.engagement_rate as engageme3_7_,
        newspapera0_.likes as likes4_7_,
        newspapera0_.shares as shares5_7_,
        newspapera0_.views as views6_7_ 
    from
        newspaper_analytics newspapera0_
Hibernate: 
    delete 
    from
        newspaper_analytics 
    where
        analytics_id=?
Hibernate: 
    select
        owneranaly0_.analytics_id as analytic1_10_,
        owneranaly0_.bias as bias2_10_,
        owneranaly0_.engagement_rate as engageme3_10_,
        owneranaly0_.likes as likes4_10_,
        owneranaly0_.shares as shares5_10_,
        owneranaly0_.views as views6_10_ 
    from
        owner_analytics owneranaly0_
Hibernate: 
    select
        topicanaly0_.analytics_id as analytic1_16_,
        topicanaly0_.bias as bias2_16_,
        topicanaly0_.engagement_rate as engageme3_16_,
        topicanaly0_.likes as likes4_16_,
        topicanaly0_.shares as shares5_16_,
        topicanaly0_.views as views6_16_ 
    from
        topic_analytics topicanaly0_
Hibernate: 
    select
        publishera0_.analytics_id as analytic1_13_,
        publishera0_.bias as bias2_13_,
        publishera0_.engagement_rate as engageme3_13_,
        publishera0_.likes as likes4_13_,
        publishera0_.shares as shares5_13_,
        publishera0_.views as views6_13_ 
    from
        publisher_analytics publishera0_
Hibernate: 
    select
        authoranal0_.analytics_id as analytic1_4_,
        authoranal0_.bias as bias2_4_,
        authoranal0_.engagement_rate as engageme3_4_,
        authoranal0_.likes as likes4_4_,
        authoranal0_.shares as shares5_4_,
        authoranal0_.views as views6_4_ 
    from
        author_analytics authoranal0_
Hibernate: 
    insert 
    into
        newspaper_analytics
        (bias, engagement_rate, likes, shares, views) 
    values
        (?, ?, ?, ?, ?)
Hibernate: 
    insert 
    into
        newspaper
        (analytics_id, name) 
    values
        (?, ?)
Hibernate: 
    select
        newspaper0_.id as id1_6_,
        newspaper0_.analytics_id as analytic3_6_,
        newspaper0_.name as name2_6_ 
    from
        newspaper newspaper0_
Hibernate: 
    select
        newspapera0_.analytics_id as analytic1_7_0_,
        newspapera0_.bias as bias2_7_0_,
        newspapera0_.engagement_rate as engageme3_7_0_,
        newspapera0_.likes as likes4_7_0_,
        newspapera0_.shares as shares5_7_0_,
        newspapera0_.views as views6_7_0_ 
    from
        newspaper_analytics newspapera0_ 
    where
        newspapera0_.analytics_id=?
Hibernate: 
    select
        article0_.id as id1_0_,
        article0_.analytics_id as analytic4_0_,
        article0_.name as name2_0_,
        article0_.author_id as author_i5_0_,
        article0_.content as content3_0_,
        article0_.newspaper_id as newspape6_0_,
        article0_.owner_id as owner_id7_0_,
        article0_.publisher_id as publishe8_0_,
        article0_.topic_id as topic_id9_0_ 
    from
        article article0_
Hibernate: 
    select
        newspaper0_.id as id1_6_,
        newspaper0_.analytics_id as analytic3_6_,
        newspaper0_.name as name2_6_ 
    from
        newspaper newspaper0_
Hibernate: 
    select
        newspapera0_.analytics_id as analytic1_7_0_,
        newspapera0_.bias as bias2_7_0_,
        newspapera0_.engagement_rate as engageme3_7_0_,
        newspapera0_.likes as likes4_7_0_,
        newspapera0_.shares as shares5_7_0_,
        newspapera0_.views as views6_7_0_ 
    from
        newspaper_analytics newspapera0_ 
    where
        newspapera0_.analytics_id=?
Hibernate: 
    delete 
    from
        newspaper 
    where
        id=?
Hibernate: 
    select
        owner0_.id as id1_9_,
        owner0_.analytics_id as analytic3_9_,
        owner0_.name as name2_9_ 
    from
        owner owner0_
Hibernate: 
    select
        topic0_.id as id1_15_,
        topic0_.analytics_id as analytic3_15_,
        topic0_.name as name2_15_ 
    from
        topic topic0_
Hibernate: 
    select
        publisher0_.id as id1_12_,
        publisher0_.analytics_id as analytic3_12_,
        publisher0_.name as name2_12_ 
    from
        publisher publisher0_
Hibernate: 
    select
        author0_.id as id1_3_,
        author0_.analytics_id as analytic3_3_,
        author0_.name as name2_3_ 
    from
        author author0_
Hibernate: 
    select
        articleana0_.analytics_id as analytic1_1_,
        articleana0_.bias as bias2_1_,
        articleana0_.engagement_rate as engageme3_1_,
        articleana0_.likes as likes4_1_,
        articleana0_.shares as shares5_1_,
        articleana0_.views as views6_1_ 
    from
        article_analytics articleana0_
Hibernate: 
    select
        newspapera0_.analytics_id as analytic1_7_,
        newspapera0_.bias as bias2_7_,
        newspapera0_.engagement_rate as engageme3_7_,
        newspapera0_.likes as likes4_7_,
        newspapera0_.shares as shares5_7_,
        newspapera0_.views as views6_7_ 
    from
        newspaper_analytics newspapera0_
Hibernate: 
    delete 
    from
        newspaper_analytics 
    where
        analytics_id=?
Hibernate: 
    select
        owneranaly0_.analytics_id as analytic1_10_,
        owneranaly0_.bias as bias2_10_,
        owneranaly0_.engagement_rate as engageme3_10_,
        owneranaly0_.likes as likes4_10_,
        owneranaly0_.shares as shares5_10_,
        owneranaly0_.views as views6_10_ 
    from
        owner_analytics owneranaly0_
Hibernate: 
    select
        topicanaly0_.analytics_id as analytic1_16_,
        topicanaly0_.bias as bias2_16_,
        topicanaly0_.engagement_rate as engageme3_16_,
        topicanaly0_.likes as likes4_16_,
        topicanaly0_.shares as shares5_16_,
        topicanaly0_.views as views6_16_ 
    from
        topic_analytics topicanaly0_
Hibernate: 
    select
        publishera0_.analytics_id as analytic1_13_,
        publishera0_.bias as bias2_13_,
        publishera0_.engagement_rate as engageme3_13_,
        publishera0_.likes as likes4_13_,
        publishera0_.shares as shares5_13_,
        publishera0_.views as views6_13_ 
    from
        publisher_analytics publishera0_
Hibernate: 
    select
        authoranal0_.analytics_id as analytic1_4_,
        authoranal0_.bias as bias2_4_,
        authoranal0_.engagement_rate as engageme3_4_,
        authoranal0_.likes as likes4_4_,
        authoranal0_.shares as shares5_4_,
        authoranal0_.views as views6_4_ 
    from
        author_analytics authoranal0_
Hibernate: 
    insert 
    into
        newspaper_analytics
        (bias, engagement_rate, likes, shares, views) 
    values
        (?, ?, ?, ?, ?)
Hibernate: 
    insert 
    into
        newspaper
        (analytics_id, name) 
    values
        (?, ?)
Hibernate: 
    select
        newspaper0_.id as id1_6_0_,
        newspaper0_.analytics_id as analytic3_6_0_,
        newspaper0_.name as name2_6_0_,
        newspapera1_.analytics_id as analytic1_7_1_,
        newspapera1_.bias as bias2_7_1_,
        newspapera1_.engagement_rate as engageme3_7_1_,
        newspapera1_.likes as likes4_7_1_,
        newspapera1_.shares as shares5_7_1_,
        newspapera1_.views as views6_7_1_ 
    from
        newspaper newspaper0_ 
    inner join
        newspaper_analytics newspapera1_ 
            on newspaper0_.analytics_id=newspapera1_.analytics_id 
    where
        newspaper0_.id=?
Hibernate: 
    select
        article0_.id as id1_0_,
        article0_.analytics_id as analytic4_0_,
        article0_.name as name2_0_,
        article0_.author_id as author_i5_0_,
        article0_.content as content3_0_,
        article0_.newspaper_id as newspape6_0_,
        article0_.owner_id as owner_id7_0_,
        article0_.publisher_id as publishe8_0_,
        article0_.topic_id as topic_id9_0_ 
    from
        article article0_
Hibernate: 
    select
        newspaper0_.id as id1_6_,
        newspaper0_.analytics_id as analytic3_6_,
        newspaper0_.name as name2_6_ 
    from
        newspaper newspaper0_
Hibernate: 
    select
        newspapera0_.analytics_id as analytic1_7_0_,
        newspapera0_.bias as bias2_7_0_,
        newspapera0_.engagement_rate as engageme3_7_0_,
        newspapera0_.likes as likes4_7_0_,
        newspapera0_.shares as shares5_7_0_,
        newspapera0_.views as views6_7_0_ 
    from
        newspaper_analytics newspapera0_ 
    where
        newspapera0_.analytics_id=?
Hibernate: 
    delete 
    from
        newspaper 
    where
        id=?
Hibernate: 
    select
        owner0_.id as id1_9_,
        owner0_.analytics_id as analytic3_9_,
        owner0_.name as name2_9_ 
    from
        owner owner0_
Hibernate: 
    select
        topic0_.id as id1_15_,
        topic0_.analytics_id as analytic3_15_,
        topic0_.name as name2_15_ 
    from
        topic topic0_
Hibernate: 
    select
        publisher0_.id as id1_12_,
        publisher0_.analytics_id as analytic3_12_,
        publisher0_.name as name2_12_ 
    from
        publisher publisher0_
Hibernate: 
    select
        author0_.id as id1_3_,
        author0_.analytics_id as analytic3_3_,
        author0_.name as name2_3_ 
    from
        author author0_
Hibernate: 
    select
        articleana0_.analytics_id as analytic1_1_,
        articleana0_.bias as bias2_1_,
        articleana0_.engagement_rate as engageme3_1_,
        articleana0_.likes as likes4_1_,
        articleana0_.shares as shares5_1_,
        articleana0_.views as views6_1_ 
    from
        article_analytics articleana0_
Hibernate: 
    select
        newspapera0_.analytics_id as analytic1_7_,
        newspapera0_.bias as bias2_7_,
        newspapera0_.engagement_rate as engageme3_7_,
        newspapera0_.likes as likes4_7_,
        newspapera0_.shares as shares5_7_,
        newspapera0_.views as views6_7_ 
    from
        newspaper_analytics newspapera0_
Hibernate: 
    delete 
    from
        newspaper_analytics 
    where
        analytics_id=?
Hibernate: 
    select
        owneranaly0_.analytics_id as analytic1_10_,
        owneranaly0_.bias as bias2_10_,
        owneranaly0_.engagement_rate as engageme3_10_,
        owneranaly0_.likes as likes4_10_,
        owneranaly0_.shares as shares5_10_,
        owneranaly0_.views as views6_10_ 
    from
        owner_analytics owneranaly0_
Hibernate: 
    select
        topicanaly0_.analytics_id as analytic1_16_,
        topicanaly0_.bias as bias2_16_,
        topicanaly0_.engagement_rate as engageme3_16_,
        topicanaly0_.likes as likes4_16_,
        topicanaly0_.shares as shares5_16_,
        topicanaly0_.views as views6_16_ 
    from
        topic_analytics topicanaly0_
Hibernate: 
    select
        publishera0_.analytics_id as analytic1_13_,
        publishera0_.bias as bias2_13_,
        publishera0_.engagement_rate as engageme3_13_,
        publishera0_.likes as likes4_13_,
        publishera0_.shares as shares5_13_,
        publishera0_.views as views6_13_ 
    from
        publisher_analytics publishera0_
Hibernate: 
    select
        authoranal0_.analytics_id as analytic1_4_,
        authoranal0_.bias as bias2_4_,
        authoranal0_.engagement_rate as engageme3_4_,
        authoranal0_.likes as likes4_4_,
        authoranal0_.shares as shares5_4_,
        authoranal0_.views as views6_4_ 
    from
        author_analytics authoranal0_
Hibernate: 
    insert 
    into
        newspaper_analytics
        (bias, engagement_rate, likes, shares, views) 
    values
        (?, ?, ?, ?, ?)
Hibernate: 
    insert 
    into
        newspaper
        (analytics_id, name) 
    values
        (?, ?)
Hibernate: 
    select
        newspaper0_.id as id1_6_,
        newspaper0_.analytics_id as analytic3_6_,
        newspaper0_.name as name2_6_ 
    from
        newspaper newspaper0_
Hibernate: 
    select
        newspapera0_.analytics_id as analytic1_7_0_,
        newspapera0_.bias as bias2_7_0_,
        newspapera0_.engagement_rate as engageme3_7_0_,
        newspapera0_.likes as likes4_7_0_,
        newspapera0_.shares as shares5_7_0_,
        newspapera0_.views as views6_7_0_ 
    from
        newspaper_analytics newspapera0_ 
    where
        newspapera0_.analytics_id=?
Hibernate: 
    select
        newspaper0_.id as id1_6_0_,
        newspaper0_.analytics_id as analytic3_6_0_,
        newspaper0_.name as name2_6_0_,
        newspapera1_.analytics_id as analytic1_7_1_,
        newspapera1_.bias as bias2_7_1_,
        newspapera1_.engagement_rate as engageme3_7_1_,
        newspapera1_.likes as likes4_7_1_,
        newspapera1_.shares as shares5_7_1_,
        newspapera1_.views as views6_7_1_ 
    from
        newspaper newspaper0_ 
    inner join
        newspaper_analytics newspapera1_ 
            on newspaper0_.analytics_id=newspapera1_.analytics_id 
    where
        newspaper0_.id=?
Hibernate: 
    select
        article0_.id as id1_0_,
        article0_.analytics_id as analytic4_0_,
        article0_.name as name2_0_,
        article0_.author_id as author_i5_0_,
        article0_.content as content3_0_,
        article0_.newspaper_id as newspape6_0_,
        article0_.owner_id as owner_id7_0_,
        article0_.publisher_id as publishe8_0_,
        article0_.topic_id as topic_id9_0_ 
    from
        article article0_
Hibernate: 
    select
        newspaper0_.id as id1_6_,
        newspaper0_.analytics_id as analytic3_6_,
        newspaper0_.name as name2_6_ 
    from
        newspaper newspaper0_
Hibernate: 
    select
        newspapera0_.analytics_id as analytic1_7_0_,
        newspapera0_.bias as bias2_7_0_,
        newspapera0_.engagement_rate as engageme3_7_0_,
        newspapera0_.likes as likes4_7_0_,
        newspapera0_.shares as shares5_7_0_,
        newspapera0_.views as views6_7_0_ 
    from
        newspaper_analytics newspapera0_ 
    where
        newspapera0_.analytics_id=?
Hibernate: 
    delete 
    from
        newspaper 
    where
        id=?
Hibernate: 
    select
        owner0_.id as id1_9_,
        owner0_.analytics_id as analytic3_9_,
        owner0_.name as name2_9_ 
    from
        owner owner0_
Hibernate: 
    select
        topic0_.id as id1_15_,
        topic0_.analytics_id as analytic3_15_,
        topic0_.name as name2_15_ 
    from
        topic topic0_
Hibernate: 
    select
        publisher0_.id as id1_12_,
        publisher0_.analytics_id as analytic3_12_,
        publisher0_.name as name2_12_ 
    from
        publisher publisher0_
Hibernate: 
    select
        author0_.id as id1_3_,
        author0_.analytics_id as analytic3_3_,
        author0_.name as name2_3_ 
    from
        author author0_
Hibernate: 
    select
        articleana0_.analytics_id as analytic1_1_,
        articleana0_.bias as bias2_1_,
        articleana0_.engagement_rate as engageme3_1_,
        articleana0_.likes as likes4_1_,
        articleana0_.shares as shares5_1_,
        articleana0_.views as views6_1_ 
    from
        article_analytics articleana0_
Hibernate: 
    select
        newspapera0_.analytics_id as analytic1_7_,
        newspapera0_.bias as bias2_7_,
        newspapera0_.engagement_rate as engageme3_7_,
        newspapera0_.likes as likes4_7_,
        newspapera0_.shares as shares5_7_,
        newspapera0_.views as views6_7_ 
    from
        newspaper_analytics newspapera0_
Hibernate: 
    delete 
    from
        newspaper_analytics 
    where
        analytics_id=?
Hibernate: 
    select
        owneranaly0_.analytics_id as analytic1_10_,
        owneranaly0_.bias as bias2_10_,
        owneranaly0_.engagement_rate as engageme3_10_,
        owneranaly0_.likes as likes4_10_,
        owneranaly0_.shares as shares5_10_,
        owneranaly0_.views as views6_10_ 
    from
        owner_analytics owneranaly0_
Hibernate: 
    select
        topicanaly0_.analytics_id as analytic1_16_,
        topicanaly0_.bias as bias2_16_,
        topicanaly0_.engagement_rate as engageme3_16_,
        topicanaly0_.likes as likes4_16_,
        topicanaly0_.shares as shares5_16_,
        topicanaly0_.views as views6_16_ 
    from
        topic_analytics topicanaly0_
Hibernate: 
    select
        publishera0_.analytics_id as analytic1_13_,
        publishera0_.bias as bias2_13_,
        publishera0_.engagement_rate as engageme3_13_,
        publishera0_.likes as likes4_13_,
        publishera0_.shares as shares5_13_,
        publishera0_.views as views6_13_ 
    from
        publisher_analytics publishera0_
Hibernate: 
    select
        authoranal0_.analytics_id as analytic1_4_,
        authoranal0_.bias as bias2_4_,
        authoranal0_.engagement_rate as engageme3_4_,
        authoranal0_.likes as likes4_4_,
        authoranal0_.shares as shares5_4_,
        authoranal0_.views as views6_4_ 
    from
        author_analytics authoranal0_
Hibernate: 
    insert 
    into
        newspaper_analytics
        (bias, engagement_rate, likes, shares, views) 
    values
        (?, ?, ?, ?, ?)
Hibernate: 
    insert 
    into
        newspaper
        (analytics_id, name) 
    values
        (?, ?)
Hibernate: 
    select
        newspaper0_.id as id1_6_,
        newspaper0_.analytics_id as analytic3_6_,
        newspaper0_.name as name2_6_ 
    from
        newspaper newspaper0_
Hibernate: 
    select
        newspapera0_.analytics_id as analytic1_7_0_,
        newspapera0_.bias as bias2_7_0_,
        newspapera0_.engagement_rate as engageme3_7_0_,
        newspapera0_.likes as likes4_7_0_,
        newspapera0_.shares as shares5_7_0_,
        newspapera0_.views as views6_7_0_ 
    from
        newspaper_analytics newspapera0_ 
    where
        newspapera0_.analytics_id=?
Hibernate: 
    select
        article0_.id as id1_0_,
        article0_.analytics_id as analytic4_0_,
        article0_.name as name2_0_,
        article0_.author_id as author_i5_0_,
        article0_.content as content3_0_,
        article0_.newspaper_id as newspape6_0_,
        article0_.owner_id as owner_id7_0_,
        article0_.publisher_id as publishe8_0_,
        article0_.topic_id as topic_id9_0_ 
    from
        article article0_
Hibernate: 
    select
        newspaper0_.id as id1_6_,
        newspaper0_.analytics_id as analytic3_6_,
        newspaper0_.name as name2_6_ 
    from
        newspaper newspaper0_
Hibernate: 
    select
        newspapera0_.analytics_id as analytic1_7_0_,
        newspapera0_.bias as bias2_7_0_,
        newspapera0_.engagement_rate as engageme3_7_0_,
        newspapera0_.likes as likes4_7_0_,
        newspapera0_.shares as shares5_7_0_,
        newspapera0_.views as views6_7_0_ 
    from
        newspaper_analytics newspapera0_ 
    where
        newspapera0_.analytics_id=?
Hibernate: 
    delete 
    from
        newspaper 
    where
        id=?
Hibernate: 
    select
        owner0_.id as id1_9_,
        owner0_.analytics_id as analytic3_9_,
        owner0_.name as name2_9_ 
    from
        owner owner0_
Hibernate: 
    select
        topic0_.id as id1_15_,
        topic0_.analytics_id as analytic3_15_,
        topic0_.name as name2_15_ 
    from
        topic topic0_
Hibernate: 
    select
        publisher0_.id as id1_12_,
        publisher0_.analytics_id as analytic3_12_,
        publisher0_.name as name2_12_ 
    from
        publisher publisher0_
Hibernate: 
    select
        author0_.id as id1_3_,
        author0_.analytics_id as analytic3_3_,
        author0_.name as name2_3_ 
    from
        author author0_
Hibernate: 
    select
        articleana0_.analytics_id as analytic1_1_,
        articleana0_.bias as bias2_1_,
        articleana0_.engagement_rate as engageme3_1_,
        articleana0_.likes as likes4_1_,
        articleana0_.shares as shares5_1_,
        articleana0_.views as views6_1_ 
    from
        article_analytics articleana0_
Hibernate: 
    select
        newspapera0_.analytics_id as analytic1_7_,
        newspapera0_.bias as bias2_7_,
        newspapera0_.engagement_rate as engageme3_7_,
        newspapera0_.likes as likes4_7_,
        newspapera0_.shares as shares5_7_,
        newspapera0_.views as views6_7_ 
    from
        newspaper_analytics newspapera0_
Hibernate: 
    delete 
    from
        newspaper_analytics 
    where
        analytics_id=?
Hibernate: 
    select
        owneranaly0_.analytics_id as analytic1_10_,
        owneranaly0_.bias as bias2_10_,
        owneranaly0_.engagement_rate as engageme3_10_,
        owneranaly0_.likes as likes4_10_,
        owneranaly0_.shares as shares5_10_,
        owneranaly0_.views as views6_10_ 
    from
        owner_analytics owneranaly0_
Hibernate: 
    select
        topicanaly0_.analytics_id as analytic1_16_,
        topicanaly0_.bias as bias2_16_,
        topicanaly0_.engagement_rate as engageme3_16_,
        topicanaly0_.likes as likes4_16_,
        topicanaly0_.shares as shares5_16_,
        topicanaly0_.views as views6_16_ 
    from
        topic_analytics topicanaly0_
Hibernate: 
    select
        publishera0_.analytics_id as analytic1_13_,
        publishera0_.bias as bias2_13_,
        publishera0_.engagement_rate as engageme3_13_,
        publishera0_.likes as likes4_13_,
        publishera0_.shares as shares5_13_,
        publishera0_.views as views6_13_ 
    from
        publisher_analytics publishera0_
Hibernate: 
    select
        authoranal0_.analytics_id as analytic1_4_,
        authoranal0_.bias as bias2_4_,
        authoranal0_.engagement_rate as engageme3_4_,
        authoranal0_.likes as likes4_4_,
        authoranal0_.shares as shares5_4_,
        authoranal0_.views as views6_4_ 
    from
        author_analytics authoranal0_
Hibernate: 
    insert 
    into
        newspaper_analytics
        (bias, engagement_rate, likes, shares, views) 
    values
        (?, ?, ?, ?, ?)
Hibernate: 
    insert 
    into
        newspaper
        (analytics_id, name) 
    values
        (?, ?)
Hibernate: 
    select
        newspaper0_.id as id1_6_,
        newspaper0_.analytics_id as analytic3_6_,
        newspaper0_.name as name2_6_ 
    from
        newspaper newspaper0_
Hibernate: 
    select
        newspapera0_.analytics_id as analytic1_7_0_,
        newspapera0_.bias as bias2_7_0_,
        newspapera0_.engagement_rate as engageme3_7_0_,
        newspapera0_.likes as likes4_7_0_,
        newspapera0_.shares as shares5_7_0_,
        newspapera0_.views as views6_7_0_ 
    from
        newspaper_analytics newspapera0_ 
    where
        newspapera0_.analytics_id=?
Hibernate: 
    delete 
    from
        newspaper 
    where
        id=?
Hibernate: 
    select
        newspaper0_.id as id1_6_,
        newspaper0_.analytics_id as analytic3_6_,
        newspaper0_.name as name2_6_ 
    from
        newspaper newspaper0_
Hibernate: 
    select
        article0_.id as id1_0_,
        article0_.analytics_id as analytic4_0_,
        article0_.name as name2_0_,
        article0_.author_id as author_i5_0_,
        article0_.content as content3_0_,
        article0_.newspaper_id as newspape6_0_,
        article0_.owner_id as owner_id7_0_,
        article0_.publisher_id as publishe8_0_,
        article0_.topic_id as topic_id9_0_ 
    from
        article article0_
Hibernate: 
    select
        newspaper0_.id as id1_6_,
        newspaper0_.analytics_id as analytic3_6_,
        newspaper0_.name as name2_6_ 
    from
        newspaper newspaper0_
Hibernate: 
    select
        owner0_.id as id1_9_,
        owner0_.analytics_id as analytic3_9_,
        owner0_.name as name2_9_ 
    from
        owner owner0_
Hibernate: 
    select
        topic0_.id as id1_15_,
        topic0_.analytics_id as analytic3_15_,
        topic0_.name as name2_15_ 
    from
        topic topic0_
Hibernate: 
    select
        publisher0_.id as id1_12_,
        publisher0_.analytics_id as analytic3_12_,
        publisher0_.name as name2_12_ 
    from
        publisher publisher0_
Hibernate: 
    select
        author0_.id as id1_3_,
        author0_.analytics_id as analytic3_3_,
        author0_.name as name2_3_ 
    from
        author author0_
Hibernate: 
    select
        articleana0_.analytics_id as analytic1_1_,
        articleana0_.bias as bias2_1_,
        articleana0_.engagement_rate as engageme3_1_,
        articleana0_.likes as likes4_1_,
        articleana0_.shares as shares5_1_,
        articleana0_.views as views6_1_ 
    from
        article_analytics articleana0_
Hibernate: 
    select
        newspapera0_.analytics_id as analytic1_7_,
        newspapera0_.bias as bias2_7_,
        newspapera0_.engagement_rate as engageme3_7_,
        newspapera0_.likes as likes4_7_,
        newspapera0_.shares as shares5_7_,
        newspapera0_.views as views6_7_ 
    from
        newspaper_analytics newspapera0_
Hibernate: 
    delete 
    from
        newspaper_analytics 
    where
        analytics_id=?
Hibernate: 
    select
        owneranaly0_.analytics_id as analytic1_10_,
        owneranaly0_.bias as bias2_10_,
        owneranaly0_.engagement_rate as engageme3_10_,
        owneranaly0_.likes as likes4_10_,
        owneranaly0_.shares as shares5_10_,
        owneranaly0_.views as views6_10_ 
    from
        owner_analytics owneranaly0_
Hibernate: 
    select
        topicanaly0_.analytics_id as analytic1_16_,
        topicanaly0_.bias as bias2_16_,
        topicanaly0_.engagement_rate as engageme3_16_,
        topicanaly0_.likes as likes4_16_,
        topicanaly0_.shares as shares5_16_,
        topicanaly0_.views as views6_16_ 
    from
        topic_analytics topicanaly0_
Hibernate: 
    select
        publishera0_.analytics_id as analytic1_13_,
        publishera0_.bias as bias2_13_,
        publishera0_.engagement_rate as engageme3_13_,
        publishera0_.likes as likes4_13_,
        publishera0_.shares as shares5_13_,
        publishera0_.views as views6_13_ 
    from
        publisher_analytics publishera0_
Hibernate: 
    select
        authoranal0_.analytics_id as analytic1_4_,
        authoranal0_.bias as bias2_4_,
        authoranal0_.engagement_rate as engageme3_4_,
        authoranal0_.likes as likes4_4_,
        authoranal0_.shares as shares5_4_,
        authoranal0_.views as views6_4_ 
    from
        author_analytics authoranal0_
Hibernate: 
    insert 
    into
        newspaper_analytics
        (bias, engagement_rate, likes, shares, views) 
    values
        (?, ?, ?, ?, ?)
Hibernate: 
    insert 
    into
        newspaper
        (analytics_id, name) 
    values
        (?, ?)
Hibernate: 
    select
        newspaper0_.id as id1_6_,
        newspaper0_.analytics_id as analytic3_6_,
        newspaper0_.name as name2_6_ 
    from
        newspaper newspaper0_ 
    where
        newspaper0_.name=?
Hibernate: 
    select
        newspapera0_.analytics_id as analytic1_7_0_,
        newspapera0_.bias as bias2_7_0_,
        newspapera0_.engagement_rate as engageme3_7_0_,
        newspapera0_.likes as likes4_7_0_,
        newspapera0_.shares as shares5_7_0_,
        newspapera0_.views as views6_7_0_ 
    from
        newspaper_analytics newspapera0_ 
    where
        newspapera0_.analytics_id=?
]]></system-out>
  <system-err><![CDATA[]]></system-err>
</testsuite>
